2019-12-20 16:43:49.308 [main] INFO  com.xmu.discount.DiscountApplication - Starting DiscountApplication on DESKTOP-EJIDL9D with PID 1652 (C:\Users\Liuwenhan\Desktop\Discount\target\classes started by Liuwenhan in C:\Users\Liuwenhan\Desktop\Discount)
2019-12-20 16:43:49.312 [main] INFO  com.xmu.discount.DiscountApplication - No active profile set, falling back to default profiles: default
2019-12-20 16:43:50.328 [main] INFO  o.s.d.r.c.RepositoryConfigurationDelegate - Multiple Spring Data modules found, entering strict repository configuration mode!
2019-12-20 16:43:50.332 [main] INFO  o.s.d.r.c.RepositoryConfigurationDelegate - Bootstrapping Spring Data repositories in DEFAULT mode.
2019-12-20 16:43:50.429 [main] INFO  o.s.d.r.c.RepositoryConfigurationDelegate - Finished Spring Data repository scanning in 79ms. Found 0 repository interfaces.
2019-12-20 16:43:50.541 [main] WARN  o.m.s.mapper.ClassPathMapperScanner - No MyBatis mapper was found in '[com.xmu.oomall.mapper]' package. Please check your configuration.
2019-12-20 16:43:50.793 [main] INFO  o.s.c.s.PostProcessorRegistrationDelegate$BeanPostProcessorChecker - Bean 'org.springframework.transaction.annotation.ProxyTransactionManagementConfiguration' of type [org.springframework.transaction.annotation.ProxyTransactionManagementConfiguration] is not eligible for getting processed by all BeanPostProcessors (for example: not eligible for auto-proxying)
2019-12-20 16:43:51.084 [main] INFO  o.s.b.w.e.tomcat.TomcatWebServer - Tomcat initialized with port(s): 8080 (http)
2019-12-20 16:43:51.094 [main] INFO  o.a.coyote.http11.Http11NioProtocol - Initializing ProtocolHandler ["http-nio-8080"]
2019-12-20 16:43:51.095 [main] INFO  o.a.catalina.core.StandardService - Starting service [Tomcat]
2019-12-20 16:43:51.096 [main] INFO  o.a.catalina.core.StandardEngine - Starting Servlet engine: [Apache Tomcat/9.0.27]
2019-12-20 16:43:51.312 [main] INFO  o.a.c.c.C.[Tomcat].[localhost].[/] - Initializing Spring embedded WebApplicationContext
2019-12-20 16:43:51.312 [main] INFO  o.s.web.context.ContextLoader - Root WebApplicationContext: initialization completed in 1911 ms
2019-12-20 16:43:52.193 [main] WARN  o.s.b.w.s.c.AnnotationConfigServletWebServerApplicationContext - Exception encountered during context initialization - cancelling refresh attempt: org.springframework.beans.factory.UnsatisfiedDependencyException: Error creating bean with name 'discountController': Unsatisfied dependency expressed through field 'couponService'; nested exception is org.springframework.beans.factory.UnsatisfiedDependencyException: Error creating bean with name 'couponServiceImpl': Unsatisfied dependency expressed through field 'couponDao'; nested exception is org.springframework.beans.factory.UnsatisfiedDependencyException: Error creating bean with name 'couponDao': Unsatisfied dependency expressed through field 'couponMapper'; nested exception is org.springframework.beans.factory.NoSuchBeanDefinitionException: No qualifying bean of type 'com.xmu.discount.mapper.CouponMapper' available: expected at least 1 bean which qualifies as autowire candidate. Dependency annotations: {@org.springframework.beans.factory.annotation.Autowired(required=true)}
2019-12-20 16:43:52.249 [main] INFO  o.a.catalina.core.StandardService - Stopping service [Tomcat]
2019-12-20 16:43:52.297 [main] INFO  o.s.b.a.l.ConditionEvaluationReportLoggingListener - 

Error starting ApplicationContext. To display the conditions report re-run your application with 'debug' enabled.
2019-12-20 16:43:52.661 [main] ERROR o.s.b.d.LoggingFailureAnalysisReporter - 

***************************
APPLICATION FAILED TO START
***************************

Description:

Field couponMapper in com.xmu.discount.dao.CouponDao required a bean of type 'com.xmu.discount.mapper.CouponMapper' that could not be found.

The injection point has the following annotations:
	- @org.springframework.beans.factory.annotation.Autowired(required=true)


Action:

Consider defining a bean of type 'com.xmu.discount.mapper.CouponMapper' in your configuration.

2019-12-20 17:52:59.708 [main] INFO  com.xmu.discount.DiscountApplication - Starting DiscountApplication on DESKTOP-EJIDL9D with PID 3948 (C:\Users\Liuwenhan\Desktop\Discount\target\classes started by Liuwenhan in C:\Users\Liuwenhan\Desktop\Discount)
2019-12-20 17:52:59.710 [main] INFO  com.xmu.discount.DiscountApplication - No active profile set, falling back to default profiles: default
2019-12-20 17:53:00.639 [main] INFO  o.s.d.r.c.RepositoryConfigurationDelegate - Multiple Spring Data modules found, entering strict repository configuration mode!
2019-12-20 17:53:00.641 [main] INFO  o.s.d.r.c.RepositoryConfigurationDelegate - Bootstrapping Spring Data repositories in DEFAULT mode.
2019-12-20 17:53:00.704 [main] INFO  o.s.d.r.c.RepositoryConfigurationDelegate - Finished Spring Data repository scanning in 49ms. Found 0 repository interfaces.
2019-12-20 17:53:00.805 [main] WARN  o.m.s.mapper.ClassPathMapperScanner - No MyBatis mapper was found in '[com.xmu.oomall.mapper]' package. Please check your configuration.
2019-12-20 17:53:00.995 [main] INFO  o.s.c.s.PostProcessorRegistrationDelegate$BeanPostProcessorChecker - Bean 'org.springframework.transaction.annotation.ProxyTransactionManagementConfiguration' of type [org.springframework.transaction.annotation.ProxyTransactionManagementConfiguration] is not eligible for getting processed by all BeanPostProcessors (for example: not eligible for auto-proxying)
2019-12-20 17:53:01.246 [main] INFO  o.s.b.w.e.tomcat.TomcatWebServer - Tomcat initialized with port(s): 8080 (http)
2019-12-20 17:53:01.256 [main] INFO  o.a.coyote.http11.Http11NioProtocol - Initializing ProtocolHandler ["http-nio-8080"]
2019-12-20 17:53:01.256 [main] INFO  o.a.catalina.core.StandardService - Starting service [Tomcat]
2019-12-20 17:53:01.257 [main] INFO  o.a.catalina.core.StandardEngine - Starting Servlet engine: [Apache Tomcat/9.0.27]
2019-12-20 17:53:01.459 [main] INFO  o.a.c.c.C.[Tomcat].[localhost].[/] - Initializing Spring embedded WebApplicationContext
2019-12-20 17:53:01.459 [main] INFO  o.s.web.context.ContextLoader - Root WebApplicationContext: initialization completed in 1655 ms
2019-12-20 17:53:01.966 [main] WARN  o.s.b.w.s.c.AnnotationConfigServletWebServerApplicationContext - Exception encountered during context initialization - cancelling refresh attempt: org.springframework.beans.factory.UnsatisfiedDependencyException: Error creating bean with name 'grouponRuleController': Unsatisfied dependency expressed through field 'grouponRuleService'; nested exception is org.springframework.beans.factory.UnsatisfiedDependencyException: Error creating bean with name 'grouponRuleServiceImpl': Unsatisfied dependency expressed through field 'grouponRuleDao'; nested exception is org.springframework.beans.factory.UnsatisfiedDependencyException: Error creating bean with name 'grouponRuleDao': Unsatisfied dependency expressed through field 'grouponRuleMapper'; nested exception is org.springframework.beans.factory.NoSuchBeanDefinitionException: No qualifying bean of type 'com.xmu.discount.mapper.GrouponRuleMapper' available: expected at least 1 bean which qualifies as autowire candidate. Dependency annotations: {@org.springframework.beans.factory.annotation.Autowired(required=true)}
2019-12-20 17:53:01.981 [main] INFO  o.a.catalina.core.StandardService - Stopping service [Tomcat]
2019-12-20 17:53:01.997 [main] INFO  o.s.b.a.l.ConditionEvaluationReportLoggingListener - 

Error starting ApplicationContext. To display the conditions report re-run your application with 'debug' enabled.
2019-12-20 17:53:02.159 [main] ERROR o.s.b.d.LoggingFailureAnalysisReporter - 

***************************
APPLICATION FAILED TO START
***************************

Description:

Field grouponRuleMapper in com.xmu.discount.dao.GrouponRuleDao required a bean of type 'com.xmu.discount.mapper.GrouponRuleMapper' that could not be found.

The injection point has the following annotations:
	- @org.springframework.beans.factory.annotation.Autowired(required=true)


Action:

Consider defining a bean of type 'com.xmu.discount.mapper.GrouponRuleMapper' in your configuration.

2019-12-20 17:54:56.650 [main] INFO  com.xmu.discount.DiscountApplication - Starting DiscountApplication on DESKTOP-EJIDL9D with PID 18084 (C:\Users\Liuwenhan\Desktop\Discount\target\classes started by Liuwenhan in C:\Users\Liuwenhan\Desktop\Discount)
2019-12-20 17:54:56.657 [main] INFO  com.xmu.discount.DiscountApplication - No active profile set, falling back to default profiles: default
2019-12-20 17:54:57.675 [main] INFO  o.s.d.r.c.RepositoryConfigurationDelegate - Multiple Spring Data modules found, entering strict repository configuration mode!
2019-12-20 17:54:57.678 [main] INFO  o.s.d.r.c.RepositoryConfigurationDelegate - Bootstrapping Spring Data repositories in DEFAULT mode.
2019-12-20 17:54:57.747 [main] INFO  o.s.d.r.c.RepositoryConfigurationDelegate - Finished Spring Data repository scanning in 53ms. Found 0 repository interfaces.
2019-12-20 17:54:58.055 [main] INFO  o.s.c.s.PostProcessorRegistrationDelegate$BeanPostProcessorChecker - Bean 'org.springframework.transaction.annotation.ProxyTransactionManagementConfiguration' of type [org.springframework.transaction.annotation.ProxyTransactionManagementConfiguration] is not eligible for getting processed by all BeanPostProcessors (for example: not eligible for auto-proxying)
2019-12-20 17:54:58.326 [main] INFO  o.s.b.w.e.tomcat.TomcatWebServer - Tomcat initialized with port(s): 8080 (http)
2019-12-20 17:54:58.335 [main] INFO  o.a.coyote.http11.Http11NioProtocol - Initializing ProtocolHandler ["http-nio-8080"]
2019-12-20 17:54:58.336 [main] INFO  o.a.catalina.core.StandardService - Starting service [Tomcat]
2019-12-20 17:54:58.336 [main] INFO  o.a.catalina.core.StandardEngine - Starting Servlet engine: [Apache Tomcat/9.0.27]
2019-12-20 17:54:58.522 [main] INFO  o.a.c.c.C.[Tomcat].[localhost].[/] - Initializing Spring embedded WebApplicationContext
2019-12-20 17:54:58.522 [main] INFO  o.s.web.context.ContextLoader - Root WebApplicationContext: initialization completed in 1750 ms
2019-12-20 17:54:59.428 [main] INFO  o.s.s.c.ThreadPoolTaskExecutor - Initializing ExecutorService 'applicationTaskExecutor'
2019-12-20 17:54:59.950 [main] INFO  o.s.b.a.e.web.EndpointLinksResolver - Exposing 2 endpoint(s) beneath base path '/actuator'
2019-12-20 17:54:59.990 [main] INFO  o.a.coyote.http11.Http11NioProtocol - Starting ProtocolHandler ["http-nio-8080"]
2019-12-20 17:55:00.028 [main] INFO  o.s.b.w.e.tomcat.TomcatWebServer - Tomcat started on port(s): 8080 (http) with context path ''
2019-12-20 17:55:00.031 [main] INFO  com.xmu.discount.DiscountApplication - Started DiscountApplication in 4.129 seconds (JVM running for 6.844)
2019-12-20 17:55:00.470 [RMI TCP Connection(1)-120.35.78.150] INFO  o.a.c.c.C.[Tomcat].[localhost].[/] - Initializing Spring DispatcherServlet 'dispatcherServlet'
2019-12-20 17:55:00.470 [RMI TCP Connection(1)-120.35.78.150] INFO  o.s.web.servlet.DispatcherServlet - Initializing Servlet 'dispatcherServlet'
2019-12-20 17:55:00.476 [RMI TCP Connection(2)-120.35.78.150] INFO  com.zaxxer.hikari.HikariDataSource - HikariPool-1 - Starting...
2019-12-20 17:55:00.478 [RMI TCP Connection(1)-120.35.78.150] INFO  o.s.web.servlet.DispatcherServlet - Completed initialization in 8 ms
2019-12-20 17:55:02.177 [RMI TCP Connection(2)-120.35.78.150] INFO  com.zaxxer.hikari.HikariDataSource - HikariPool-1 - Start completed.
2019-12-20 17:55:02.329 [RMI TCP Connection(2)-120.35.78.150] INFO  io.lettuce.core.EpollProvider - Starting without optional epoll library
2019-12-20 17:55:02.330 [RMI TCP Connection(2)-120.35.78.150] INFO  io.lettuce.core.KqueueProvider - Starting without optional kqueue library
2019-12-20 18:18:12.786 [main] INFO  com.xmu.discount.DiscountApplication - Starting DiscountApplication on DESKTOP-EJIDL9D with PID 9412 (C:\Users\Liuwenhan\Desktop\Discount\target\classes started by Liuwenhan in C:\Users\Liuwenhan\Desktop\Discount)
2019-12-20 18:18:12.791 [main] INFO  com.xmu.discount.DiscountApplication - No active profile set, falling back to default profiles: default
2019-12-20 18:18:13.992 [main] INFO  o.s.d.r.c.RepositoryConfigurationDelegate - Multiple Spring Data modules found, entering strict repository configuration mode!
2019-12-20 18:18:13.994 [main] INFO  o.s.d.r.c.RepositoryConfigurationDelegate - Bootstrapping Spring Data repositories in DEFAULT mode.
2019-12-20 18:18:14.059 [main] INFO  o.s.d.r.c.RepositoryConfigurationDelegate - Finished Spring Data repository scanning in 50ms. Found 0 repository interfaces.
2019-12-20 18:18:14.345 [main] INFO  o.s.c.s.PostProcessorRegistrationDelegate$BeanPostProcessorChecker - Bean 'org.springframework.transaction.annotation.ProxyTransactionManagementConfiguration' of type [org.springframework.transaction.annotation.ProxyTransactionManagementConfiguration] is not eligible for getting processed by all BeanPostProcessors (for example: not eligible for auto-proxying)
2019-12-20 18:18:14.606 [main] INFO  o.s.b.w.e.tomcat.TomcatWebServer - Tomcat initialized with port(s): 8080 (http)
2019-12-20 18:18:14.615 [main] INFO  o.a.coyote.http11.Http11NioProtocol - Initializing ProtocolHandler ["http-nio-8080"]
2019-12-20 18:18:14.616 [main] INFO  o.a.catalina.core.StandardService - Starting service [Tomcat]
2019-12-20 18:18:14.616 [main] INFO  o.a.catalina.core.StandardEngine - Starting Servlet engine: [Apache Tomcat/9.0.27]
2019-12-20 18:18:14.781 [main] INFO  o.a.c.c.C.[Tomcat].[localhost].[/] - Initializing Spring embedded WebApplicationContext
2019-12-20 18:18:14.781 [main] INFO  o.s.web.context.ContextLoader - Root WebApplicationContext: initialization completed in 1858 ms
2019-12-20 18:18:15.607 [main] INFO  o.s.s.c.ThreadPoolTaskExecutor - Initializing ExecutorService 'applicationTaskExecutor'
2019-12-20 18:18:15.662 [main] WARN  o.s.b.w.s.c.AnnotationConfigServletWebServerApplicationContext - Exception encountered during context initialization - cancelling refresh attempt: org.springframework.beans.factory.BeanCreationException: Error creating bean with name 'requestMappingHandlerMapping' defined in class path resource [org/springframework/boot/autoconfigure/web/servlet/WebMvcAutoConfiguration$EnableWebMvcConfiguration.class]: Invocation of init method failed; nested exception is java.lang.IllegalStateException: Ambiguous mapping. Cannot map 'presaleRuleController' method 
com.xmu.discount.controller.PresaleRuleController#getPresaleRuleVoById(Integer)
to {GET /discountService/presaleRules/{id}}: There is already 'presaleRuleController' bean method
com.xmu.discount.controller.PresaleRuleController#getPresaleRuleById(Integer) mapped.
2019-12-20 18:18:15.663 [main] INFO  o.s.s.c.ThreadPoolTaskExecutor - Shutting down ExecutorService 'applicationTaskExecutor'
2019-12-20 18:18:15.679 [main] INFO  o.a.catalina.core.StandardService - Stopping service [Tomcat]
2019-12-20 18:18:15.693 [main] INFO  o.s.b.a.l.ConditionEvaluationReportLoggingListener - 

Error starting ApplicationContext. To display the conditions report re-run your application with 'debug' enabled.
2019-12-20 18:18:15.703 [main] ERROR o.s.boot.SpringApplication - Application run failed
org.springframework.beans.factory.BeanCreationException: Error creating bean with name 'requestMappingHandlerMapping' defined in class path resource [org/springframework/boot/autoconfigure/web/servlet/WebMvcAutoConfiguration$EnableWebMvcConfiguration.class]: Invocation of init method failed; nested exception is java.lang.IllegalStateException: Ambiguous mapping. Cannot map 'presaleRuleController' method 
com.xmu.discount.controller.PresaleRuleController#getPresaleRuleVoById(Integer)
to {GET /discountService/presaleRules/{id}}: There is already 'presaleRuleController' bean method
com.xmu.discount.controller.PresaleRuleController#getPresaleRuleById(Integer) mapped.
	at org.springframework.beans.factory.support.AbstractAutowireCapableBeanFactory.initializeBean(AbstractAutowireCapableBeanFactory.java:1803)
	at org.springframework.beans.factory.support.AbstractAutowireCapableBeanFactory.doCreateBean(AbstractAutowireCapableBeanFactory.java:595)
	at org.springframework.beans.factory.support.AbstractAutowireCapableBeanFactory.createBean(AbstractAutowireCapableBeanFactory.java:517)
	at org.springframework.beans.factory.support.AbstractBeanFactory.lambda$doGetBean$0(AbstractBeanFactory.java:323)
	at org.springframework.beans.factory.support.DefaultSingletonBeanRegistry.getSingleton(DefaultSingletonBeanRegistry.java:222)
	at org.springframework.beans.factory.support.AbstractBeanFactory.doGetBean(AbstractBeanFactory.java:321)
	at org.springframework.beans.factory.support.AbstractBeanFactory.getBean(AbstractBeanFactory.java:202)
	at org.springframework.beans.factory.support.DefaultListableBeanFactory.preInstantiateSingletons(DefaultListableBeanFactory.java:879)
	at org.springframework.context.support.AbstractApplicationContext.finishBeanFactoryInitialization(AbstractApplicationContext.java:878)
	at org.springframework.context.support.AbstractApplicationContext.refresh(AbstractApplicationContext.java:550)
	at org.springframework.boot.web.servlet.context.ServletWebServerApplicationContext.refresh(ServletWebServerApplicationContext.java:141)
	at org.springframework.boot.SpringApplication.refresh(SpringApplication.java:747)
	at org.springframework.boot.SpringApplication.refreshContext(SpringApplication.java:397)
	at org.springframework.boot.SpringApplication.run(SpringApplication.java:315)
	at org.springframework.boot.SpringApplication.run(SpringApplication.java:1226)
	at org.springframework.boot.SpringApplication.run(SpringApplication.java:1215)
	at com.xmu.discount.DiscountApplication.main(DiscountApplication.java:17)
Caused by: java.lang.IllegalStateException: Ambiguous mapping. Cannot map 'presaleRuleController' method 
com.xmu.discount.controller.PresaleRuleController#getPresaleRuleVoById(Integer)
to {GET /discountService/presaleRules/{id}}: There is already 'presaleRuleController' bean method
com.xmu.discount.controller.PresaleRuleController#getPresaleRuleById(Integer) mapped.
	at org.springframework.web.servlet.handler.AbstractHandlerMethodMapping$MappingRegistry.validateMethodMapping(AbstractHandlerMethodMapping.java:633)
	at org.springframework.web.servlet.handler.AbstractHandlerMethodMapping$MappingRegistry.register(AbstractHandlerMethodMapping.java:600)
	at org.springframework.web.servlet.handler.AbstractHandlerMethodMapping.registerHandlerMethod(AbstractHandlerMethodMapping.java:318)
	at org.springframework.web.servlet.mvc.method.annotation.RequestMappingHandlerMapping.registerHandlerMethod(RequestMappingHandlerMapping.java:350)
	at org.springframework.web.servlet.mvc.method.annotation.RequestMappingHandlerMapping.registerHandlerMethod(RequestMappingHandlerMapping.java:67)
	at org.springframework.web.servlet.handler.AbstractHandlerMethodMapping.lambda$detectHandlerMethods$1(AbstractHandlerMethodMapping.java:288)
	at java.util.LinkedHashMap.forEach(LinkedHashMap.java:684)
	at org.springframework.web.servlet.handler.AbstractHandlerMethodMapping.detectHandlerMethods(AbstractHandlerMethodMapping.java:286)
	at org.springframework.web.servlet.handler.AbstractHandlerMethodMapping.processCandidateBean(AbstractHandlerMethodMapping.java:258)
	at org.springframework.web.servlet.handler.AbstractHandlerMethodMapping.initHandlerMethods(AbstractHandlerMethodMapping.java:217)
	at org.springframework.web.servlet.handler.AbstractHandlerMethodMapping.afterPropertiesSet(AbstractHandlerMethodMapping.java:205)
	at org.springframework.web.servlet.mvc.method.annotation.RequestMappingHandlerMapping.afterPropertiesSet(RequestMappingHandlerMapping.java:171)
	at org.springframework.beans.factory.support.AbstractAutowireCapableBeanFactory.invokeInitMethods(AbstractAutowireCapableBeanFactory.java:1862)
	at org.springframework.beans.factory.support.AbstractAutowireCapableBeanFactory.initializeBean(AbstractAutowireCapableBeanFactory.java:1799)
	... 16 common frames omitted
2019-12-20 23:27:45.004 [main] INFO  com.xmu.discount.DiscountApplication - Starting DiscountApplication on DESKTOP-EJIDL9D with PID 19812 (C:\Users\Liuwenhan\Desktop\Discount\target\classes started by Liuwenhan in C:\Users\Liuwenhan\Desktop\Discount)
2019-12-20 23:27:45.008 [main] INFO  com.xmu.discount.DiscountApplication - No active profile set, falling back to default profiles: default
2019-12-20 23:27:46.006 [main] INFO  o.s.d.r.c.RepositoryConfigurationDelegate - Multiple Spring Data modules found, entering strict repository configuration mode!
2019-12-20 23:27:46.009 [main] INFO  o.s.d.r.c.RepositoryConfigurationDelegate - Bootstrapping Spring Data repositories in DEFAULT mode.
2019-12-20 23:27:46.077 [main] INFO  o.s.d.r.c.RepositoryConfigurationDelegate - Finished Spring Data repository scanning in 52ms. Found 0 repository interfaces.
2019-12-20 23:27:46.542 [main] INFO  o.s.c.s.PostProcessorRegistrationDelegate$BeanPostProcessorChecker - Bean 'org.springframework.transaction.annotation.ProxyTransactionManagementConfiguration' of type [org.springframework.transaction.annotation.ProxyTransactionManagementConfiguration] is not eligible for getting processed by all BeanPostProcessors (for example: not eligible for auto-proxying)
2019-12-20 23:27:46.821 [main] INFO  o.s.b.w.e.tomcat.TomcatWebServer - Tomcat initialized with port(s): 8080 (http)
2019-12-20 23:27:46.830 [main] INFO  o.a.coyote.http11.Http11NioProtocol - Initializing ProtocolHandler ["http-nio-8080"]
2019-12-20 23:27:46.830 [main] INFO  o.a.catalina.core.StandardService - Starting service [Tomcat]
2019-12-20 23:27:46.831 [main] INFO  o.a.catalina.core.StandardEngine - Starting Servlet engine: [Apache Tomcat/9.0.27]
2019-12-20 23:27:46.985 [main] INFO  o.a.c.c.C.[Tomcat].[localhost].[/] - Initializing Spring embedded WebApplicationContext
2019-12-20 23:27:46.985 [main] INFO  o.s.web.context.ContextLoader - Root WebApplicationContext: initialization completed in 1884 ms
2019-12-20 23:27:47.703 [main] WARN  o.s.b.w.s.c.AnnotationConfigServletWebServerApplicationContext - Exception encountered during context initialization - cancelling refresh attempt: org.springframework.beans.factory.UnsatisfiedDependencyException: Error creating bean with name 'discountController': Unsatisfied dependency expressed through field 'grouponRuleService'; nested exception is org.springframework.beans.factory.UnsatisfiedDependencyException: Error creating bean with name 'grouponRuleServiceImpl': Unsatisfied dependency expressed through field 'orderService'; nested exception is org.springframework.beans.factory.NoSuchBeanDefinitionException: No qualifying bean of type 'com.xmu.discount.service.OrderService' available: expected at least 1 bean which qualifies as autowire candidate. Dependency annotations: {@org.springframework.beans.factory.annotation.Autowired(required=true)}
2019-12-20 23:27:47.719 [main] INFO  o.a.catalina.core.StandardService - Stopping service [Tomcat]
2019-12-20 23:27:47.733 [main] INFO  o.s.b.a.l.ConditionEvaluationReportLoggingListener - 

Error starting ApplicationContext. To display the conditions report re-run your application with 'debug' enabled.
2019-12-20 23:27:47.879 [main] ERROR o.s.b.d.LoggingFailureAnalysisReporter - 

***************************
APPLICATION FAILED TO START
***************************

Description:

Field orderService in com.xmu.discount.service.impl.GrouponRuleServiceImpl required a bean of type 'com.xmu.discount.service.OrderService' that could not be found.

The injection point has the following annotations:
	- @org.springframework.beans.factory.annotation.Autowired(required=true)


Action:

Consider defining a bean of type 'com.xmu.discount.service.OrderService' in your configuration.

2019-12-20 23:29:17.955 [main] INFO  com.xmu.discount.DiscountApplication - Starting DiscountApplication on DESKTOP-EJIDL9D with PID 1236 (C:\Users\Liuwenhan\Desktop\Discount\target\classes started by Liuwenhan in C:\Users\Liuwenhan\Desktop\Discount)
2019-12-20 23:29:17.959 [main] INFO  com.xmu.discount.DiscountApplication - No active profile set, falling back to default profiles: default
2019-12-20 23:29:18.992 [main] INFO  o.s.d.r.c.RepositoryConfigurationDelegate - Multiple Spring Data modules found, entering strict repository configuration mode!
2019-12-20 23:29:18.994 [main] INFO  o.s.d.r.c.RepositoryConfigurationDelegate - Bootstrapping Spring Data repositories in DEFAULT mode.
2019-12-20 23:29:19.059 [main] INFO  o.s.d.r.c.RepositoryConfigurationDelegate - Finished Spring Data repository scanning in 51ms. Found 0 repository interfaces.
2019-12-20 23:29:19.380 [main] INFO  o.s.c.s.PostProcessorRegistrationDelegate$BeanPostProcessorChecker - Bean 'org.springframework.transaction.annotation.ProxyTransactionManagementConfiguration' of type [org.springframework.transaction.annotation.ProxyTransactionManagementConfiguration] is not eligible for getting processed by all BeanPostProcessors (for example: not eligible for auto-proxying)
2019-12-20 23:29:19.679 [main] INFO  o.s.b.w.e.tomcat.TomcatWebServer - Tomcat initialized with port(s): 8080 (http)
2019-12-20 23:29:19.687 [main] INFO  o.a.coyote.http11.Http11NioProtocol - Initializing ProtocolHandler ["http-nio-8080"]
2019-12-20 23:29:19.688 [main] INFO  o.a.catalina.core.StandardService - Starting service [Tomcat]
2019-12-20 23:29:19.688 [main] INFO  o.a.catalina.core.StandardEngine - Starting Servlet engine: [Apache Tomcat/9.0.27]
2019-12-20 23:29:19.843 [main] INFO  o.a.c.c.C.[Tomcat].[localhost].[/] - Initializing Spring embedded WebApplicationContext
2019-12-20 23:29:19.844 [main] INFO  o.s.web.context.ContextLoader - Root WebApplicationContext: initialization completed in 1792 ms
2019-12-20 23:29:20.565 [main] WARN  o.s.b.w.s.c.AnnotationConfigServletWebServerApplicationContext - Exception encountered during context initialization - cancelling refresh attempt: org.springframework.beans.factory.UnsatisfiedDependencyException: Error creating bean with name 'discountController': Unsatisfied dependency expressed through field 'grouponRuleService'; nested exception is org.springframework.beans.factory.UnsatisfiedDependencyException: Error creating bean with name 'grouponRuleServiceImpl': Unsatisfied dependency expressed through field 'orderService'; nested exception is org.springframework.beans.factory.NoSuchBeanDefinitionException: No qualifying bean of type 'com.xmu.discount.service.OrderService' available: expected at least 1 bean which qualifies as autowire candidate. Dependency annotations: {@org.springframework.beans.factory.annotation.Autowired(required=true)}
2019-12-20 23:29:20.582 [main] INFO  o.a.catalina.core.StandardService - Stopping service [Tomcat]
2019-12-20 23:29:20.600 [main] INFO  o.s.b.a.l.ConditionEvaluationReportLoggingListener - 

Error starting ApplicationContext. To display the conditions report re-run your application with 'debug' enabled.
2019-12-20 23:29:20.766 [main] ERROR o.s.b.d.LoggingFailureAnalysisReporter - 

***************************
APPLICATION FAILED TO START
***************************

Description:

Field orderService in com.xmu.discount.service.impl.GrouponRuleServiceImpl required a bean of type 'com.xmu.discount.service.OrderService' that could not be found.

The injection point has the following annotations:
	- @org.springframework.beans.factory.annotation.Autowired(required=true)


Action:

Consider defining a bean of type 'com.xmu.discount.service.OrderService' in your configuration.

