2019-12-24 10:22:42.175 [main] INFO  o.s.c.s.PostProcessorRegistrationDelegate$BeanPostProcessorChecker - Bean 'org.springframework.cloud.autoconfigure.ConfigurationPropertiesRebinderAutoConfiguration' of type [org.springframework.cloud.autoconfigure.ConfigurationPropertiesRebinderAutoConfiguration] is not eligible for getting processed by all BeanPostProcessors (for example: not eligible for auto-proxying)
2019-12-24 10:22:44.346 [main] INFO  com.xmu.discount.DiscountApplication - No active profile set, falling back to default profiles: default
2019-12-24 10:22:46.197 [main] INFO  o.s.d.r.c.RepositoryConfigurationDelegate - Multiple Spring Data modules found, entering strict repository configuration mode!
2019-12-24 10:22:46.202 [main] INFO  o.s.d.r.c.RepositoryConfigurationDelegate - Bootstrapping Spring Data repositories in DEFAULT mode.
2019-12-24 10:22:46.284 [main] INFO  o.s.d.r.c.RepositoryConfigurationDelegate - Finished Spring Data repository scanning in 60ms. Found 0 repository interfaces.
2019-12-24 10:22:46.504 [main] WARN  o.s.boot.actuate.endpoint.EndpointId - Endpoint ID 'service-registry' contains invalid characters, please migrate to a valid format.
2019-12-24 10:22:47.018 [main] INFO  o.s.cloud.context.scope.GenericScope - BeanFactory id=f301ccdb-2281-3977-a9a9-bd08e9298e8b
2019-12-24 10:22:47.314 [main] INFO  o.s.c.s.PostProcessorRegistrationDelegate$BeanPostProcessorChecker - Bean 'org.springframework.transaction.annotation.ProxyTransactionManagementConfiguration' of type [org.springframework.transaction.annotation.ProxyTransactionManagementConfiguration] is not eligible for getting processed by all BeanPostProcessors (for example: not eligible for auto-proxying)
2019-12-24 10:22:47.354 [main] INFO  o.s.c.s.PostProcessorRegistrationDelegate$BeanPostProcessorChecker - Bean 'org.springframework.cloud.autoconfigure.ConfigurationPropertiesRebinderAutoConfiguration' of type [org.springframework.cloud.autoconfigure.ConfigurationPropertiesRebinderAutoConfiguration] is not eligible for getting processed by all BeanPostProcessors (for example: not eligible for auto-proxying)
2019-12-24 10:22:47.702 [main] INFO  o.s.b.w.e.tomcat.TomcatWebServer - Tomcat initialized with port(s): 8060 (http)
2019-12-24 10:22:47.712 [main] INFO  o.a.coyote.http11.Http11NioProtocol - Initializing ProtocolHandler ["http-nio-8060"]
2019-12-24 10:22:47.713 [main] INFO  o.a.catalina.core.StandardService - Starting service [Tomcat]
2019-12-24 10:22:47.713 [main] INFO  o.a.catalina.core.StandardEngine - Starting Servlet engine: [Apache Tomcat/9.0.27]
2019-12-24 10:22:47.961 [main] INFO  o.a.c.c.C.[Tomcat].[localhost].[/] - Initializing Spring embedded WebApplicationContext
2019-12-24 10:22:47.961 [main] INFO  o.s.web.context.ContextLoader - Root WebApplicationContext: initialization completed in 3581 ms
2019-12-24 10:22:48.057 [main] WARN  c.n.c.sources.URLConfigurationSource - No URLs will be polled as dynamic configuration sources.
2019-12-24 10:22:48.057 [main] INFO  c.n.c.sources.URLConfigurationSource - To enable URLs as dynamic configuration sources, define System property archaius.configurationSource.additionalUrls or make config.properties available on classpath.
2019-12-24 10:22:48.072 [main] INFO  c.n.config.DynamicPropertyFactory - DynamicPropertyFactory is initialized with configuration sources: com.netflix.config.ConcurrentCompositeConfiguration@737db7f8
2019-12-24 10:22:51.046 [main] WARN  c.n.c.sources.URLConfigurationSource - No URLs will be polled as dynamic configuration sources.
2019-12-24 10:22:51.047 [main] INFO  c.n.c.sources.URLConfigurationSource - To enable URLs as dynamic configuration sources, define System property archaius.configurationSource.additionalUrls or make config.properties available on classpath.
2019-12-24 10:22:51.398 [main] INFO  o.s.s.c.ThreadPoolTaskExecutor - Initializing ExecutorService 'applicationTaskExecutor'
2019-12-24 10:22:52.513 [main] INFO  o.s.s.c.ThreadPoolTaskScheduler - Initializing ExecutorService 'taskScheduler'
2019-12-24 10:22:56.648 [main] WARN  o.s.c.l.c.BlockingLoadBalancerClientAutoConfiguration$BlockingLoadBalancerClientRibbonWarnLogger - You already have RibbonLoadBalancerClient on your classpath. It will be used by default. As Spring Cloud Ribbon is in maintenance mode. We recommend switching to BlockingLoadBalancerClient instead. In order to use it, set the value of `spring.cloud.loadbalancer.ribbon.enabled` to `false` or remove spring-cloud-starter-netflix-ribbon from your project.
2019-12-24 10:22:56.721 [main] WARN  o.s.c.l.c.LoadBalancerCacheAutoConfiguration$LoadBalancerCaffeineWarnLogger - Spring Cloud LoadBalancer is currently working with default default cache. You can switch to using Caffeine cache, by adding it to the classpath.
2019-12-24 10:22:56.746 [main] INFO  o.s.b.a.e.web.EndpointLinksResolver - Exposing 2 endpoint(s) beneath base path '/actuator'
2019-12-24 10:22:56.898 [main] INFO  o.s.c.n.eureka.InstanceInfoFactory - Setting initial instance status as: STARTING
2019-12-24 10:22:57.019 [main] INFO  c.netflix.discovery.DiscoveryClient - Initializing Eureka in region us-east-1
2019-12-24 10:22:58.829 [main] INFO  c.n.d.p.DiscoveryJerseyProvider - Using JSON encoding codec LegacyJacksonJson
2019-12-24 10:22:58.830 [main] INFO  c.n.d.p.DiscoveryJerseyProvider - Using JSON decoding codec LegacyJacksonJson
2019-12-24 10:22:59.176 [main] INFO  c.n.d.p.DiscoveryJerseyProvider - Using XML encoding codec XStreamXml
2019-12-24 10:22:59.176 [main] INFO  c.n.d.p.DiscoveryJerseyProvider - Using XML decoding codec XStreamXml
2019-12-24 10:22:59.618 [main] INFO  c.n.d.s.r.aws.ConfigClusterResolver - Resolving eureka endpoints via configuration
2019-12-24 10:23:00.863 [main] INFO  c.netflix.discovery.DiscoveryClient - Disable delta property : false
2019-12-24 10:23:00.863 [main] INFO  c.netflix.discovery.DiscoveryClient - Single vip registry refresh property : null
2019-12-24 10:23:00.863 [main] INFO  c.netflix.discovery.DiscoveryClient - Force full registry fetch : false
2019-12-24 10:23:00.863 [main] INFO  c.netflix.discovery.DiscoveryClient - Application is null : false
2019-12-24 10:23:00.863 [main] INFO  c.netflix.discovery.DiscoveryClient - Registered Applications size is zero : true
2019-12-24 10:23:00.863 [main] INFO  c.netflix.discovery.DiscoveryClient - Application version is -1: true
2019-12-24 10:23:00.863 [main] INFO  c.netflix.discovery.DiscoveryClient - Getting all instance registry info from the eureka server
2019-12-24 10:23:01.333 [main] INFO  c.netflix.discovery.DiscoveryClient - The response status is 200
2019-12-24 10:23:01.335 [main] INFO  c.netflix.discovery.DiscoveryClient - Starting heartbeat executor: renew interval is: 30
2019-12-24 10:23:01.337 [main] INFO  c.n.discovery.InstanceInfoReplicator - InstanceInfoReplicator onDemand update allowed rate per min is 4
2019-12-24 10:23:01.341 [main] INFO  c.netflix.discovery.DiscoveryClient - Discovery Client initialized at timestamp 1577154181340 with initial instances count: 6
2019-12-24 10:23:01.344 [main] INFO  o.s.c.n.e.s.EurekaServiceRegistry - Registering application DISCOUNTSERVICE with eureka with status UP
2019-12-24 10:23:01.344 [main] INFO  c.netflix.discovery.DiscoveryClient - Saw local status change event StatusChangeEvent [timestamp=1577154181344, current=UP, previous=STARTING]
2019-12-24 10:23:01.347 [DiscoveryClient-InstanceInfoReplicator-0] INFO  c.netflix.discovery.DiscoveryClient - DiscoveryClient_DISCOUNTSERVICE/10.30.13.229:discountService:8060: registering service...
2019-12-24 10:23:01.387 [main] INFO  o.a.coyote.http11.Http11NioProtocol - Starting ProtocolHandler ["http-nio-8060"]
2019-12-24 10:23:01.560 [main] INFO  o.s.b.w.e.tomcat.TomcatWebServer - Tomcat started on port(s): 8060 (http) with context path ''
2019-12-24 10:23:01.561 [main] INFO  o.s.c.n.e.s.EurekaAutoServiceRegistration - Updating port to 8060
2019-12-24 10:23:01.613 [DiscoveryClient-InstanceInfoReplicator-0] INFO  c.netflix.discovery.DiscoveryClient - DiscoveryClient_DISCOUNTSERVICE/10.30.13.229:discountService:8060 - registration status: 204
2019-12-24 10:23:03.340 [main] INFO  com.xmu.discount.DiscountApplication - Started DiscountApplication in 23.957 seconds (JVM running for 26.86)
2019-12-24 10:23:03.809 [RMI TCP Connection(3)-192.168.88.1] INFO  o.a.c.c.C.[Tomcat].[localhost].[/] - Initializing Spring DispatcherServlet 'dispatcherServlet'
2019-12-24 10:23:03.810 [RMI TCP Connection(3)-192.168.88.1] INFO  o.s.web.servlet.DispatcherServlet - Initializing Servlet 'dispatcherServlet'
2019-12-24 10:23:03.819 [RMI TCP Connection(3)-192.168.88.1] INFO  o.s.web.servlet.DispatcherServlet - Completed initialization in 9 ms
2019-12-24 10:23:06.394 [RMI TCP Connection(5)-192.168.88.1] INFO  com.zaxxer.hikari.HikariDataSource - HikariPool-1 - Starting...
2019-12-24 10:23:06.701 [RMI TCP Connection(5)-192.168.88.1] INFO  com.zaxxer.hikari.HikariDataSource - HikariPool-1 - Start completed.
2019-12-24 10:23:06.845 [RMI TCP Connection(5)-192.168.88.1] INFO  io.lettuce.core.EpollProvider - Starting without optional epoll library
2019-12-24 10:23:06.847 [RMI TCP Connection(5)-192.168.88.1] INFO  io.lettuce.core.KqueueProvider - Starting without optional kqueue library
2019-12-24 10:27:52.047 [main] INFO  o.s.c.s.PostProcessorRegistrationDelegate$BeanPostProcessorChecker - Bean 'org.springframework.cloud.autoconfigure.ConfigurationPropertiesRebinderAutoConfiguration' of type [org.springframework.cloud.autoconfigure.ConfigurationPropertiesRebinderAutoConfiguration] is not eligible for getting processed by all BeanPostProcessors (for example: not eligible for auto-proxying)
2019-12-24 10:27:54.521 [main] INFO  com.xmu.discount.DiscountApplication - No active profile set, falling back to default profiles: default
2019-12-24 10:27:55.670 [main] INFO  o.s.d.r.c.RepositoryConfigurationDelegate - Multiple Spring Data modules found, entering strict repository configuration mode!
2019-12-24 10:27:55.672 [main] INFO  o.s.d.r.c.RepositoryConfigurationDelegate - Bootstrapping Spring Data repositories in DEFAULT mode.
2019-12-24 10:27:55.751 [main] INFO  o.s.d.r.c.RepositoryConfigurationDelegate - Finished Spring Data repository scanning in 64ms. Found 0 repository interfaces.
2019-12-24 10:27:55.878 [main] WARN  o.s.boot.actuate.endpoint.EndpointId - Endpoint ID 'service-registry' contains invalid characters, please migrate to a valid format.
2019-12-24 10:27:56.075 [main] INFO  o.s.cloud.context.scope.GenericScope - BeanFactory id=f301ccdb-2281-3977-a9a9-bd08e9298e8b
2019-12-24 10:27:56.273 [main] INFO  o.s.c.s.PostProcessorRegistrationDelegate$BeanPostProcessorChecker - Bean 'org.springframework.transaction.annotation.ProxyTransactionManagementConfiguration' of type [org.springframework.transaction.annotation.ProxyTransactionManagementConfiguration] is not eligible for getting processed by all BeanPostProcessors (for example: not eligible for auto-proxying)
2019-12-24 10:27:56.311 [main] INFO  o.s.c.s.PostProcessorRegistrationDelegate$BeanPostProcessorChecker - Bean 'org.springframework.cloud.autoconfigure.ConfigurationPropertiesRebinderAutoConfiguration' of type [org.springframework.cloud.autoconfigure.ConfigurationPropertiesRebinderAutoConfiguration] is not eligible for getting processed by all BeanPostProcessors (for example: not eligible for auto-proxying)
2019-12-24 10:27:56.681 [main] INFO  o.s.b.w.e.tomcat.TomcatWebServer - Tomcat initialized with port(s): 8060 (http)
2019-12-24 10:27:56.690 [main] INFO  o.a.coyote.http11.Http11NioProtocol - Initializing ProtocolHandler ["http-nio-8060"]
2019-12-24 10:27:56.692 [main] INFO  o.a.catalina.core.StandardService - Starting service [Tomcat]
2019-12-24 10:27:56.692 [main] INFO  o.a.catalina.core.StandardEngine - Starting Servlet engine: [Apache Tomcat/9.0.27]
2019-12-24 10:27:57.046 [main] INFO  o.a.c.c.C.[Tomcat].[localhost].[/] - Initializing Spring embedded WebApplicationContext
2019-12-24 10:27:57.047 [main] INFO  o.s.web.context.ContextLoader - Root WebApplicationContext: initialization completed in 2498 ms
2019-12-24 10:27:57.327 [main] WARN  c.n.c.sources.URLConfigurationSource - No URLs will be polled as dynamic configuration sources.
2019-12-24 10:27:57.328 [main] INFO  c.n.c.sources.URLConfigurationSource - To enable URLs as dynamic configuration sources, define System property archaius.configurationSource.additionalUrls or make config.properties available on classpath.
2019-12-24 10:27:57.369 [main] INFO  c.n.config.DynamicPropertyFactory - DynamicPropertyFactory is initialized with configuration sources: com.netflix.config.ConcurrentCompositeConfiguration@b34832b
2019-12-24 10:28:01.304 [main] WARN  c.n.c.sources.URLConfigurationSource - No URLs will be polled as dynamic configuration sources.
2019-12-24 10:28:01.304 [main] INFO  c.n.c.sources.URLConfigurationSource - To enable URLs as dynamic configuration sources, define System property archaius.configurationSource.additionalUrls or make config.properties available on classpath.
2019-12-24 10:28:01.775 [main] INFO  o.s.s.c.ThreadPoolTaskExecutor - Initializing ExecutorService 'applicationTaskExecutor'
2019-12-24 10:28:03.095 [main] INFO  o.s.s.c.ThreadPoolTaskScheduler - Initializing ExecutorService 'taskScheduler'
2019-12-24 10:28:08.777 [main] WARN  o.s.c.l.c.BlockingLoadBalancerClientAutoConfiguration$BlockingLoadBalancerClientRibbonWarnLogger - You already have RibbonLoadBalancerClient on your classpath. It will be used by default. As Spring Cloud Ribbon is in maintenance mode. We recommend switching to BlockingLoadBalancerClient instead. In order to use it, set the value of `spring.cloud.loadbalancer.ribbon.enabled` to `false` or remove spring-cloud-starter-netflix-ribbon from your project.
2019-12-24 10:28:08.866 [main] WARN  o.s.c.l.c.LoadBalancerCacheAutoConfiguration$LoadBalancerCaffeineWarnLogger - Spring Cloud LoadBalancer is currently working with default default cache. You can switch to using Caffeine cache, by adding it to the classpath.
2019-12-24 10:28:08.901 [main] INFO  o.s.b.a.e.web.EndpointLinksResolver - Exposing 2 endpoint(s) beneath base path '/actuator'
2019-12-24 10:28:08.985 [main] INFO  o.s.c.n.eureka.InstanceInfoFactory - Setting initial instance status as: STARTING
2019-12-24 10:28:09.026 [main] INFO  c.netflix.discovery.DiscoveryClient - Initializing Eureka in region us-east-1
2019-12-24 10:28:11.050 [main] INFO  c.n.d.p.DiscoveryJerseyProvider - Using JSON encoding codec LegacyJacksonJson
2019-12-24 10:28:11.050 [main] INFO  c.n.d.p.DiscoveryJerseyProvider - Using JSON decoding codec LegacyJacksonJson
2019-12-24 10:28:11.173 [main] INFO  c.n.d.p.DiscoveryJerseyProvider - Using XML encoding codec XStreamXml
2019-12-24 10:28:11.173 [main] INFO  c.n.d.p.DiscoveryJerseyProvider - Using XML decoding codec XStreamXml
2019-12-24 10:28:11.395 [main] INFO  c.n.d.s.r.aws.ConfigClusterResolver - Resolving eureka endpoints via configuration
2019-12-24 10:28:13.135 [main] INFO  c.netflix.discovery.DiscoveryClient - Disable delta property : false
2019-12-24 10:28:13.135 [main] INFO  c.netflix.discovery.DiscoveryClient - Single vip registry refresh property : null
2019-12-24 10:28:13.135 [main] INFO  c.netflix.discovery.DiscoveryClient - Force full registry fetch : false
2019-12-24 10:28:13.136 [main] INFO  c.netflix.discovery.DiscoveryClient - Application is null : false
2019-12-24 10:28:13.136 [main] INFO  c.netflix.discovery.DiscoveryClient - Registered Applications size is zero : true
2019-12-24 10:28:13.136 [main] INFO  c.netflix.discovery.DiscoveryClient - Application version is -1: true
2019-12-24 10:28:13.136 [main] INFO  c.netflix.discovery.DiscoveryClient - Getting all instance registry info from the eureka server
2019-12-24 10:28:13.609 [main] INFO  c.netflix.discovery.DiscoveryClient - The response status is 200
2019-12-24 10:28:13.612 [main] INFO  c.netflix.discovery.DiscoveryClient - Starting heartbeat executor: renew interval is: 30
2019-12-24 10:28:13.614 [main] INFO  c.n.discovery.InstanceInfoReplicator - InstanceInfoReplicator onDemand update allowed rate per min is 4
2019-12-24 10:28:13.619 [main] INFO  c.netflix.discovery.DiscoveryClient - Discovery Client initialized at timestamp 1577154493617 with initial instances count: 9
2019-12-24 10:28:13.622 [main] INFO  o.s.c.n.e.s.EurekaServiceRegistry - Registering application DISCOUNTSERVICE with eureka with status UP
2019-12-24 10:28:13.623 [main] INFO  c.netflix.discovery.DiscoveryClient - Saw local status change event StatusChangeEvent [timestamp=1577154493622, current=UP, previous=STARTING]
2019-12-24 10:28:13.625 [DiscoveryClient-InstanceInfoReplicator-0] INFO  c.netflix.discovery.DiscoveryClient - DiscoveryClient_DISCOUNTSERVICE/10.30.13.229:discountService:8060: registering service...
2019-12-24 10:28:13.652 [main] INFO  o.a.coyote.http11.Http11NioProtocol - Starting ProtocolHandler ["http-nio-8060"]
2019-12-24 10:28:13.833 [main] INFO  o.s.b.w.e.tomcat.TomcatWebServer - Tomcat started on port(s): 8060 (http) with context path ''
2019-12-24 10:28:13.834 [main] INFO  o.s.c.n.e.s.EurekaAutoServiceRegistration - Updating port to 8060
2019-12-24 10:28:13.885 [DiscoveryClient-InstanceInfoReplicator-0] INFO  c.netflix.discovery.DiscoveryClient - DiscoveryClient_DISCOUNTSERVICE/10.30.13.229:discountService:8060 - registration status: 204
2019-12-24 10:28:15.871 [http-nio-8060-exec-2] INFO  o.a.c.c.C.[Tomcat].[localhost].[/] - Initializing Spring DispatcherServlet 'dispatcherServlet'
2019-12-24 10:28:15.871 [http-nio-8060-exec-2] INFO  o.s.web.servlet.DispatcherServlet - Initializing Servlet 'dispatcherServlet'
2019-12-24 10:28:15.880 [http-nio-8060-exec-2] INFO  o.s.web.servlet.DispatcherServlet - Completed initialization in 8 ms
2019-12-24 10:28:15.938 [http-nio-8060-exec-2] INFO  com.zaxxer.hikari.HikariDataSource - HikariPool-1 - Starting...
2019-12-24 10:28:16.078 [main] INFO  com.xmu.discount.DiscountApplication - Started DiscountApplication in 27.721 seconds (JVM running for 30.396)
2019-12-24 10:28:16.212 [http-nio-8060-exec-2] INFO  com.zaxxer.hikari.HikariDataSource - HikariPool-1 - Start completed.
2019-12-24 10:28:19.440 [RMI TCP Connection(7)-192.168.88.1] INFO  io.lettuce.core.EpollProvider - Starting without optional epoll library
2019-12-24 10:28:19.442 [RMI TCP Connection(7)-192.168.88.1] INFO  io.lettuce.core.KqueueProvider - Starting without optional kqueue library
2019-12-24 10:33:13.149 [AsyncResolver-bootstrap-executor-0] INFO  c.n.d.s.r.aws.ConfigClusterResolver - Resolving eureka endpoints via configuration
2019-12-24 10:38:13.151 [AsyncResolver-bootstrap-executor-0] INFO  c.n.d.s.r.aws.ConfigClusterResolver - Resolving eureka endpoints via configuration
2019-12-24 10:43:13.153 [AsyncResolver-bootstrap-executor-0] INFO  c.n.d.s.r.aws.ConfigClusterResolver - Resolving eureka endpoints via configuration
2019-12-24 10:48:13.155 [AsyncResolver-bootstrap-executor-0] INFO  c.n.d.s.r.aws.ConfigClusterResolver - Resolving eureka endpoints via configuration
2019-12-24 10:53:13.158 [AsyncResolver-bootstrap-executor-0] INFO  c.n.d.s.r.aws.ConfigClusterResolver - Resolving eureka endpoints via configuration
2019-12-24 10:58:13.161 [AsyncResolver-bootstrap-executor-0] INFO  c.n.d.s.r.aws.ConfigClusterResolver - Resolving eureka endpoints via configuration
2019-12-24 11:03:13.163 [AsyncResolver-bootstrap-executor-0] INFO  c.n.d.s.r.aws.ConfigClusterResolver - Resolving eureka endpoints via configuration
2019-12-24 16:20:11.935 [main] INFO  o.s.c.s.PostProcessorRegistrationDelegate$BeanPostProcessorChecker - Bean 'org.springframework.cloud.autoconfigure.ConfigurationPropertiesRebinderAutoConfiguration' of type [org.springframework.cloud.autoconfigure.ConfigurationPropertiesRebinderAutoConfiguration] is not eligible for getting processed by all BeanPostProcessors (for example: not eligible for auto-proxying)
2019-12-24 16:20:13.469 [main] INFO  com.xmu.discount.DiscountApplication - No active profile set, falling back to default profiles: default
2019-12-24 16:20:14.560 [main] INFO  o.s.d.r.c.RepositoryConfigurationDelegate - Multiple Spring Data modules found, entering strict repository configuration mode!
2019-12-24 16:20:14.563 [main] INFO  o.s.d.r.c.RepositoryConfigurationDelegate - Bootstrapping Spring Data repositories in DEFAULT mode.
2019-12-24 16:20:14.637 [main] INFO  o.s.d.r.c.RepositoryConfigurationDelegate - Finished Spring Data repository scanning in 57ms. Found 0 repository interfaces.
2019-12-24 16:20:14.739 [main] WARN  o.s.boot.actuate.endpoint.EndpointId - Endpoint ID 'service-registry' contains invalid characters, please migrate to a valid format.
2019-12-24 16:20:14.914 [main] INFO  o.s.cloud.context.scope.GenericScope - BeanFactory id=f301ccdb-2281-3977-a9a9-bd08e9298e8b
2019-12-24 16:20:15.063 [main] INFO  o.s.c.s.PostProcessorRegistrationDelegate$BeanPostProcessorChecker - Bean 'org.springframework.transaction.annotation.ProxyTransactionManagementConfiguration' of type [org.springframework.transaction.annotation.ProxyTransactionManagementConfiguration] is not eligible for getting processed by all BeanPostProcessors (for example: not eligible for auto-proxying)
2019-12-24 16:20:15.100 [main] INFO  o.s.c.s.PostProcessorRegistrationDelegate$BeanPostProcessorChecker - Bean 'org.springframework.cloud.autoconfigure.ConfigurationPropertiesRebinderAutoConfiguration' of type [org.springframework.cloud.autoconfigure.ConfigurationPropertiesRebinderAutoConfiguration] is not eligible for getting processed by all BeanPostProcessors (for example: not eligible for auto-proxying)
2019-12-24 16:20:15.414 [main] INFO  o.s.b.w.e.tomcat.TomcatWebServer - Tomcat initialized with port(s): 8060 (http)
2019-12-24 16:20:15.424 [main] INFO  o.a.coyote.http11.Http11NioProtocol - Initializing ProtocolHandler ["http-nio-8060"]
2019-12-24 16:20:15.425 [main] INFO  o.a.catalina.core.StandardService - Starting service [Tomcat]
2019-12-24 16:20:15.425 [main] INFO  o.a.catalina.core.StandardEngine - Starting Servlet engine: [Apache Tomcat/9.0.27]
2019-12-24 16:20:15.654 [main] INFO  o.a.c.c.C.[Tomcat].[localhost].[/] - Initializing Spring embedded WebApplicationContext
2019-12-24 16:20:15.655 [main] INFO  o.s.web.context.ContextLoader - Root WebApplicationContext: initialization completed in 2156 ms
2019-12-24 16:20:15.747 [main] WARN  c.n.c.sources.URLConfigurationSource - No URLs will be polled as dynamic configuration sources.
2019-12-24 16:20:15.748 [main] INFO  c.n.c.sources.URLConfigurationSource - To enable URLs as dynamic configuration sources, define System property archaius.configurationSource.additionalUrls or make config.properties available on classpath.
2019-12-24 16:20:15.767 [main] INFO  c.n.config.DynamicPropertyFactory - DynamicPropertyFactory is initialized with configuration sources: com.netflix.config.ConcurrentCompositeConfiguration@661d88a
2019-12-24 16:20:18.935 [main] WARN  c.n.c.sources.URLConfigurationSource - No URLs will be polled as dynamic configuration sources.
2019-12-24 16:20:18.936 [main] INFO  c.n.c.sources.URLConfigurationSource - To enable URLs as dynamic configuration sources, define System property archaius.configurationSource.additionalUrls or make config.properties available on classpath.
2019-12-24 16:20:19.081 [main] INFO  o.s.s.c.ThreadPoolTaskExecutor - Initializing ExecutorService 'applicationTaskExecutor'
2019-12-24 16:20:19.540 [main] INFO  o.s.s.c.ThreadPoolTaskScheduler - Initializing ExecutorService 'taskScheduler'
2019-12-24 16:20:22.359 [main] WARN  o.s.c.l.c.BlockingLoadBalancerClientAutoConfiguration$BlockingLoadBalancerClientRibbonWarnLogger - You already have RibbonLoadBalancerClient on your classpath. It will be used by default. As Spring Cloud Ribbon is in maintenance mode. We recommend switching to BlockingLoadBalancerClient instead. In order to use it, set the value of `spring.cloud.loadbalancer.ribbon.enabled` to `false` or remove spring-cloud-starter-netflix-ribbon from your project.
2019-12-24 16:20:22.404 [main] WARN  o.s.c.l.c.LoadBalancerCacheAutoConfiguration$LoadBalancerCaffeineWarnLogger - Spring Cloud LoadBalancer is currently working with default default cache. You can switch to using Caffeine cache, by adding it to the classpath.
2019-12-24 16:20:22.417 [main] INFO  o.s.b.a.e.web.EndpointLinksResolver - Exposing 2 endpoint(s) beneath base path '/actuator'
2019-12-24 16:20:22.489 [main] INFO  o.s.c.n.eureka.InstanceInfoFactory - Setting initial instance status as: STARTING
2019-12-24 16:20:22.550 [main] INFO  c.netflix.discovery.DiscoveryClient - Initializing Eureka in region us-east-1
2019-12-24 16:20:23.713 [main] INFO  c.n.d.p.DiscoveryJerseyProvider - Using JSON encoding codec LegacyJacksonJson
2019-12-24 16:20:23.714 [main] INFO  c.n.d.p.DiscoveryJerseyProvider - Using JSON decoding codec LegacyJacksonJson
2019-12-24 16:20:23.834 [main] INFO  c.n.d.p.DiscoveryJerseyProvider - Using XML encoding codec XStreamXml
2019-12-24 16:20:23.835 [main] INFO  c.n.d.p.DiscoveryJerseyProvider - Using XML decoding codec XStreamXml
2019-12-24 16:20:24.067 [main] INFO  c.n.d.s.r.aws.ConfigClusterResolver - Resolving eureka endpoints via configuration
2019-12-24 16:20:24.998 [main] INFO  c.netflix.discovery.DiscoveryClient - Disable delta property : false
2019-12-24 16:20:24.998 [main] INFO  c.netflix.discovery.DiscoveryClient - Single vip registry refresh property : null
2019-12-24 16:20:24.999 [main] INFO  c.netflix.discovery.DiscoveryClient - Force full registry fetch : false
2019-12-24 16:20:24.999 [main] INFO  c.netflix.discovery.DiscoveryClient - Application is null : false
2019-12-24 16:20:24.999 [main] INFO  c.netflix.discovery.DiscoveryClient - Registered Applications size is zero : true
2019-12-24 16:20:24.999 [main] INFO  c.netflix.discovery.DiscoveryClient - Application version is -1: true
2019-12-24 16:20:24.999 [main] INFO  c.netflix.discovery.DiscoveryClient - Getting all instance registry info from the eureka server
2019-12-24 16:20:25.364 [main] INFO  c.netflix.discovery.DiscoveryClient - The response status is 200
2019-12-24 16:20:25.366 [main] INFO  c.netflix.discovery.DiscoveryClient - Starting heartbeat executor: renew interval is: 30
2019-12-24 16:20:25.368 [main] INFO  c.n.discovery.InstanceInfoReplicator - InstanceInfoReplicator onDemand update allowed rate per min is 4
2019-12-24 16:20:25.372 [main] INFO  c.netflix.discovery.DiscoveryClient - Discovery Client initialized at timestamp 1577175625371 with initial instances count: 7
2019-12-24 16:20:25.375 [main] INFO  o.s.c.n.e.s.EurekaServiceRegistry - Registering application DISCOUNTSERVICE with eureka with status UP
2019-12-24 16:20:25.375 [main] INFO  c.netflix.discovery.DiscoveryClient - Saw local status change event StatusChangeEvent [timestamp=1577175625375, current=UP, previous=STARTING]
2019-12-24 16:20:25.377 [DiscoveryClient-InstanceInfoReplicator-0] INFO  c.netflix.discovery.DiscoveryClient - DiscoveryClient_DISCOUNTSERVICE/10.30.19.42:discountService:8060: registering service...
2019-12-24 16:20:25.399 [main] INFO  o.a.coyote.http11.Http11NioProtocol - Starting ProtocolHandler ["http-nio-8060"]
2019-12-24 16:20:25.561 [main] INFO  o.s.b.w.e.tomcat.TomcatWebServer - Tomcat started on port(s): 8060 (http) with context path ''
2019-12-24 16:20:25.562 [main] INFO  o.s.c.n.e.s.EurekaAutoServiceRegistration - Updating port to 8060
2019-12-24 16:20:25.605 [DiscoveryClient-InstanceInfoReplicator-0] INFO  c.netflix.discovery.DiscoveryClient - DiscoveryClient_DISCOUNTSERVICE/10.30.19.42:discountService:8060 - registration status: 204
2019-12-24 16:20:26.945 [main] INFO  com.xmu.discount.DiscountApplication - Started DiscountApplication in 17.407 seconds (JVM running for 20.167)
2019-12-24 16:20:27.175 [RMI TCP Connection(3)-192.168.88.1] INFO  o.a.c.c.C.[Tomcat].[localhost].[/] - Initializing Spring DispatcherServlet 'dispatcherServlet'
2019-12-24 16:20:27.175 [RMI TCP Connection(3)-192.168.88.1] INFO  o.s.web.servlet.DispatcherServlet - Initializing Servlet 'dispatcherServlet'
2019-12-24 16:20:27.183 [RMI TCP Connection(3)-192.168.88.1] INFO  o.s.web.servlet.DispatcherServlet - Completed initialization in 8 ms
2019-12-24 16:20:29.025 [RMI TCP Connection(5)-192.168.88.1] INFO  com.zaxxer.hikari.HikariDataSource - HikariPool-1 - Starting...
2019-12-24 16:20:29.718 [RMI TCP Connection(5)-192.168.88.1] INFO  com.zaxxer.hikari.HikariDataSource - HikariPool-1 - Start completed.
2019-12-24 16:20:29.894 [RMI TCP Connection(5)-192.168.88.1] INFO  io.lettuce.core.EpollProvider - Starting without optional epoll library
2019-12-24 16:20:29.896 [RMI TCP Connection(5)-192.168.88.1] INFO  io.lettuce.core.KqueueProvider - Starting without optional kqueue library
2019-12-24 16:21:04.703 [main] INFO  o.s.c.s.PostProcessorRegistrationDelegate$BeanPostProcessorChecker - Bean 'org.springframework.cloud.autoconfigure.ConfigurationPropertiesRebinderAutoConfiguration' of type [org.springframework.cloud.autoconfigure.ConfigurationPropertiesRebinderAutoConfiguration] is not eligible for getting processed by all BeanPostProcessors (for example: not eligible for auto-proxying)
2019-12-24 16:21:06.392 [main] INFO  com.xmu.discount.dao.CouponDaoTest - No active profile set, falling back to default profiles: default
2019-12-24 16:21:07.604 [main] INFO  o.s.d.r.c.RepositoryConfigurationDelegate - Multiple Spring Data modules found, entering strict repository configuration mode!
2019-12-24 16:21:07.608 [main] INFO  o.s.d.r.c.RepositoryConfigurationDelegate - Bootstrapping Spring Data repositories in DEFAULT mode.
2019-12-24 16:21:07.697 [main] INFO  o.s.d.r.c.RepositoryConfigurationDelegate - Finished Spring Data repository scanning in 74ms. Found 0 repository interfaces.
2019-12-24 16:21:07.921 [main] WARN  o.s.boot.actuate.endpoint.EndpointId - Endpoint ID 'service-registry' contains invalid characters, please migrate to a valid format.
2019-12-24 16:21:08.189 [main] INFO  o.s.cloud.context.scope.GenericScope - BeanFactory id=fd9d6938-37de-3239-95c6-de8a5a7412b0
2019-12-24 16:21:08.571 [main] INFO  o.s.c.s.PostProcessorRegistrationDelegate$BeanPostProcessorChecker - Bean 'org.springframework.transaction.annotation.ProxyTransactionManagementConfiguration' of type [org.springframework.transaction.annotation.ProxyTransactionManagementConfiguration] is not eligible for getting processed by all BeanPostProcessors (for example: not eligible for auto-proxying)
2019-12-24 16:21:08.784 [main] INFO  o.s.c.s.PostProcessorRegistrationDelegate$BeanPostProcessorChecker - Bean 'org.springframework.cloud.autoconfigure.ConfigurationPropertiesRebinderAutoConfiguration' of type [org.springframework.cloud.autoconfigure.ConfigurationPropertiesRebinderAutoConfiguration] is not eligible for getting processed by all BeanPostProcessors (for example: not eligible for auto-proxying)
2019-12-24 16:21:09.701 [main] WARN  c.n.c.sources.URLConfigurationSource - No URLs will be polled as dynamic configuration sources.
2019-12-24 16:21:09.701 [main] INFO  c.n.c.sources.URLConfigurationSource - To enable URLs as dynamic configuration sources, define System property archaius.configurationSource.additionalUrls or make config.properties available on classpath.
2019-12-24 16:21:09.735 [main] INFO  c.n.config.DynamicPropertyFactory - DynamicPropertyFactory is initialized with configuration sources: com.netflix.config.ConcurrentCompositeConfiguration@616a06e3
2019-12-24 16:21:10.309 [main] WARN  c.n.c.sources.URLConfigurationSource - No URLs will be polled as dynamic configuration sources.
2019-12-24 16:21:10.310 [main] INFO  c.n.c.sources.URLConfigurationSource - To enable URLs as dynamic configuration sources, define System property archaius.configurationSource.additionalUrls or make config.properties available on classpath.
2019-12-24 16:21:10.787 [main] INFO  o.s.s.c.ThreadPoolTaskExecutor - Initializing ExecutorService 'applicationTaskExecutor'
2019-12-24 16:21:14.411 [main] INFO  o.s.s.c.ThreadPoolTaskScheduler - Initializing ExecutorService 'taskScheduler'
2019-12-24 16:21:17.894 [main] WARN  o.s.c.l.c.BlockingLoadBalancerClientAutoConfiguration$BlockingLoadBalancerClientRibbonWarnLogger - You already have RibbonLoadBalancerClient on your classpath. It will be used by default. As Spring Cloud Ribbon is in maintenance mode. We recommend switching to BlockingLoadBalancerClient instead. In order to use it, set the value of `spring.cloud.loadbalancer.ribbon.enabled` to `false` or remove spring-cloud-starter-netflix-ribbon from your project.
2019-12-24 16:21:17.997 [main] WARN  o.s.c.l.c.LoadBalancerCacheAutoConfiguration$LoadBalancerCaffeineWarnLogger - Spring Cloud LoadBalancer is currently working with default default cache. You can switch to using Caffeine cache, by adding it to the classpath.
2019-12-24 16:21:18.036 [main] INFO  o.s.b.a.e.web.EndpointLinksResolver - Exposing 2 endpoint(s) beneath base path '/actuator'
2019-12-24 16:21:18.145 [main] INFO  com.xmu.discount.dao.CouponDaoTest - Started CouponDaoTest in 15.664 seconds (JVM running for 17.187)
2019-12-24 16:21:18.704 [main] INFO  com.zaxxer.hikari.HikariDataSource - HikariPool-1 - Starting...
2019-12-24 16:21:19.252 [main] INFO  com.zaxxer.hikari.HikariDataSource - HikariPool-1 - Start completed.
2019-12-24 16:21:19.388 [main] INFO  o.s.b.t.c.SpringBootTestContextBootstrapper - Neither @ContextConfiguration nor @ContextHierarchy found for test class [com.xmu.DiscountApplicationTest], using SpringBootContextLoader
2019-12-24 16:21:19.389 [main] INFO  o.s.t.c.s.AbstractContextLoader - Could not detect default resource locations for test class [com.xmu.DiscountApplicationTest]: no resource found for suffixes {-context.xml, Context.groovy}.
2019-12-24 16:21:19.389 [main] INFO  o.s.t.c.s.AnnotationConfigContextLoaderUtils - Could not detect default configuration classes for test class [com.xmu.DiscountApplicationTest]: DiscountApplicationTest does not declare any static, non-private, non-final, nested classes annotated with @Configuration.
2019-12-24 16:21:19.443 [main] INFO  o.s.b.t.c.SpringBootTestContextBootstrapper - Neither @ContextConfiguration nor @ContextHierarchy found for test class [com.xmu.DiscountApplicationTest], using SpringBootContextLoader
2019-12-24 16:21:19.444 [main] INFO  o.s.t.c.s.AbstractContextLoader - Could not detect default resource locations for test class [com.xmu.DiscountApplicationTest]: no resource found for suffixes {-context.xml, Context.groovy}.
2019-12-24 16:21:19.445 [main] INFO  o.s.t.c.s.AnnotationConfigContextLoaderUtils - Could not detect default configuration classes for test class [com.xmu.DiscountApplicationTest]: DiscountApplicationTest does not declare any static, non-private, non-final, nested classes annotated with @Configuration.
2019-12-24 16:21:19.498 [main] INFO  o.s.b.t.c.SpringBootTestContextBootstrapper - Neither @ContextConfiguration nor @ContextHierarchy found for test class [com.xmu.DiscountApplicationTest], using SpringBootContextLoader
2019-12-24 16:21:19.500 [main] INFO  o.s.t.c.s.AbstractContextLoader - Could not detect default resource locations for test class [com.xmu.DiscountApplicationTest]: no resource found for suffixes {-context.xml, Context.groovy}.
2019-12-24 16:21:19.501 [main] INFO  o.s.t.c.s.AnnotationConfigContextLoaderUtils - Could not detect default configuration classes for test class [com.xmu.DiscountApplicationTest]: DiscountApplicationTest does not declare any static, non-private, non-final, nested classes annotated with @Configuration.
2019-12-24 16:21:19.574 [SpringContextShutdownHook] INFO  o.s.c.n.eureka.InstanceInfoFactory - Setting initial instance status as: STARTING
2019-12-24 16:21:19.581 [SpringContextShutdownHook] INFO  o.s.c.n.e.s.EurekaServiceRegistry - Unregistering application DISCOUNTSERVICE with eureka with status DOWN
2019-12-24 16:21:19.585 [SpringContextShutdownHook] INFO  o.s.s.c.ThreadPoolTaskScheduler - Shutting down ExecutorService 'taskScheduler'
2019-12-24 16:21:19.623 [SpringContextShutdownHook] INFO  o.s.s.c.ThreadPoolTaskExecutor - Shutting down ExecutorService 'applicationTaskExecutor'
2019-12-24 16:21:19.629 [SpringContextShutdownHook] INFO  com.zaxxer.hikari.HikariDataSource - HikariPool-1 - Shutdown initiated...
2019-12-24 16:21:19.667 [SpringContextShutdownHook] INFO  com.zaxxer.hikari.HikariDataSource - HikariPool-1 - Shutdown completed.
2019-12-24 16:25:25.001 [AsyncResolver-bootstrap-executor-0] INFO  c.n.d.s.r.aws.ConfigClusterResolver - Resolving eureka endpoints via configuration
2019-12-24 16:26:45.028 [main] INFO  o.s.c.s.PostProcessorRegistrationDelegate$BeanPostProcessorChecker - Bean 'org.springframework.cloud.autoconfigure.ConfigurationPropertiesRebinderAutoConfiguration' of type [org.springframework.cloud.autoconfigure.ConfigurationPropertiesRebinderAutoConfiguration] is not eligible for getting processed by all BeanPostProcessors (for example: not eligible for auto-proxying)
2019-12-24 16:26:46.616 [main] INFO  com.xmu.discount.DiscountApplication - No active profile set, falling back to default profiles: default
2019-12-24 16:26:47.887 [main] INFO  o.s.d.r.c.RepositoryConfigurationDelegate - Multiple Spring Data modules found, entering strict repository configuration mode!
2019-12-24 16:26:47.890 [main] INFO  o.s.d.r.c.RepositoryConfigurationDelegate - Bootstrapping Spring Data repositories in DEFAULT mode.
2019-12-24 16:26:47.987 [main] INFO  o.s.d.r.c.RepositoryConfigurationDelegate - Finished Spring Data repository scanning in 76ms. Found 0 repository interfaces.
2019-12-24 16:26:48.107 [main] WARN  o.s.boot.actuate.endpoint.EndpointId - Endpoint ID 'service-registry' contains invalid characters, please migrate to a valid format.
2019-12-24 16:26:48.256 [main] INFO  o.s.cloud.context.scope.GenericScope - BeanFactory id=f301ccdb-2281-3977-a9a9-bd08e9298e8b
2019-12-24 16:26:48.397 [main] INFO  o.s.c.s.PostProcessorRegistrationDelegate$BeanPostProcessorChecker - Bean 'org.springframework.transaction.annotation.ProxyTransactionManagementConfiguration' of type [org.springframework.transaction.annotation.ProxyTransactionManagementConfiguration] is not eligible for getting processed by all BeanPostProcessors (for example: not eligible for auto-proxying)
2019-12-24 16:26:48.446 [main] INFO  o.s.c.s.PostProcessorRegistrationDelegate$BeanPostProcessorChecker - Bean 'org.springframework.cloud.autoconfigure.ConfigurationPropertiesRebinderAutoConfiguration' of type [org.springframework.cloud.autoconfigure.ConfigurationPropertiesRebinderAutoConfiguration] is not eligible for getting processed by all BeanPostProcessors (for example: not eligible for auto-proxying)
2019-12-24 16:26:48.765 [main] INFO  o.s.b.w.e.tomcat.TomcatWebServer - Tomcat initialized with port(s): 8060 (http)
2019-12-24 16:26:48.773 [main] INFO  o.a.coyote.http11.Http11NioProtocol - Initializing ProtocolHandler ["http-nio-8060"]
2019-12-24 16:26:48.774 [main] INFO  o.a.catalina.core.StandardService - Starting service [Tomcat]
2019-12-24 16:26:48.774 [main] INFO  o.a.catalina.core.StandardEngine - Starting Servlet engine: [Apache Tomcat/9.0.27]
2019-12-24 16:26:48.982 [main] INFO  o.a.c.c.C.[Tomcat].[localhost].[/] - Initializing Spring embedded WebApplicationContext
2019-12-24 16:26:48.982 [main] INFO  o.s.web.context.ContextLoader - Root WebApplicationContext: initialization completed in 2344 ms
2019-12-24 16:26:49.056 [main] WARN  c.n.c.sources.URLConfigurationSource - No URLs will be polled as dynamic configuration sources.
2019-12-24 16:26:49.056 [main] INFO  c.n.c.sources.URLConfigurationSource - To enable URLs as dynamic configuration sources, define System property archaius.configurationSource.additionalUrls or make config.properties available on classpath.
2019-12-24 16:26:49.067 [main] INFO  c.n.config.DynamicPropertyFactory - DynamicPropertyFactory is initialized with configuration sources: com.netflix.config.ConcurrentCompositeConfiguration@54067fdc
2019-12-24 16:26:51.675 [main] WARN  c.n.c.sources.URLConfigurationSource - No URLs will be polled as dynamic configuration sources.
2019-12-24 16:26:51.675 [main] INFO  c.n.c.sources.URLConfigurationSource - To enable URLs as dynamic configuration sources, define System property archaius.configurationSource.additionalUrls or make config.properties available on classpath.
2019-12-24 16:26:51.813 [main] INFO  o.s.s.c.ThreadPoolTaskExecutor - Initializing ExecutorService 'applicationTaskExecutor'
2019-12-24 16:26:52.255 [main] INFO  o.s.s.c.ThreadPoolTaskScheduler - Initializing ExecutorService 'taskScheduler'
2019-12-24 16:26:55.186 [main] WARN  o.s.c.l.c.BlockingLoadBalancerClientAutoConfiguration$BlockingLoadBalancerClientRibbonWarnLogger - You already have RibbonLoadBalancerClient on your classpath. It will be used by default. As Spring Cloud Ribbon is in maintenance mode. We recommend switching to BlockingLoadBalancerClient instead. In order to use it, set the value of `spring.cloud.loadbalancer.ribbon.enabled` to `false` or remove spring-cloud-starter-netflix-ribbon from your project.
2019-12-24 16:26:55.222 [main] WARN  o.s.c.l.c.LoadBalancerCacheAutoConfiguration$LoadBalancerCaffeineWarnLogger - Spring Cloud LoadBalancer is currently working with default default cache. You can switch to using Caffeine cache, by adding it to the classpath.
2019-12-24 16:26:55.235 [main] INFO  o.s.b.a.e.web.EndpointLinksResolver - Exposing 2 endpoint(s) beneath base path '/actuator'
2019-12-24 16:26:55.315 [main] INFO  o.s.c.n.eureka.InstanceInfoFactory - Setting initial instance status as: STARTING
2019-12-24 16:26:55.350 [main] INFO  c.netflix.discovery.DiscoveryClient - Initializing Eureka in region us-east-1
2019-12-24 16:26:56.532 [main] INFO  c.n.d.p.DiscoveryJerseyProvider - Using JSON encoding codec LegacyJacksonJson
2019-12-24 16:26:56.532 [main] INFO  c.n.d.p.DiscoveryJerseyProvider - Using JSON decoding codec LegacyJacksonJson
2019-12-24 16:26:56.640 [main] INFO  c.n.d.p.DiscoveryJerseyProvider - Using XML encoding codec XStreamXml
2019-12-24 16:26:56.640 [main] INFO  c.n.d.p.DiscoveryJerseyProvider - Using XML decoding codec XStreamXml
2019-12-24 16:26:56.863 [main] INFO  c.n.d.s.r.aws.ConfigClusterResolver - Resolving eureka endpoints via configuration
2019-12-24 16:26:57.819 [main] INFO  c.netflix.discovery.DiscoveryClient - Disable delta property : false
2019-12-24 16:26:57.819 [main] INFO  c.netflix.discovery.DiscoveryClient - Single vip registry refresh property : null
2019-12-24 16:26:57.819 [main] INFO  c.netflix.discovery.DiscoveryClient - Force full registry fetch : false
2019-12-24 16:26:57.819 [main] INFO  c.netflix.discovery.DiscoveryClient - Application is null : false
2019-12-24 16:26:57.819 [main] INFO  c.netflix.discovery.DiscoveryClient - Registered Applications size is zero : true
2019-12-24 16:26:57.819 [main] INFO  c.netflix.discovery.DiscoveryClient - Application version is -1: true
2019-12-24 16:26:57.819 [main] INFO  c.netflix.discovery.DiscoveryClient - Getting all instance registry info from the eureka server
2019-12-24 16:26:58.138 [main] INFO  c.netflix.discovery.DiscoveryClient - The response status is 200
2019-12-24 16:26:58.141 [main] INFO  c.netflix.discovery.DiscoveryClient - Starting heartbeat executor: renew interval is: 30
2019-12-24 16:26:58.144 [main] INFO  c.n.discovery.InstanceInfoReplicator - InstanceInfoReplicator onDemand update allowed rate per min is 4
2019-12-24 16:26:58.147 [main] INFO  c.netflix.discovery.DiscoveryClient - Discovery Client initialized at timestamp 1577176018146 with initial instances count: 7
2019-12-24 16:26:58.150 [main] INFO  o.s.c.n.e.s.EurekaServiceRegistry - Registering application DISCOUNTSERVICE with eureka with status UP
2019-12-24 16:26:58.150 [main] INFO  c.netflix.discovery.DiscoveryClient - Saw local status change event StatusChangeEvent [timestamp=1577176018150, current=UP, previous=STARTING]
2019-12-24 16:26:58.153 [DiscoveryClient-InstanceInfoReplicator-0] INFO  c.netflix.discovery.DiscoveryClient - DiscoveryClient_DISCOUNTSERVICE/10.30.19.42:discountService:8060: registering service...
2019-12-24 16:26:58.176 [main] INFO  o.a.coyote.http11.Http11NioProtocol - Starting ProtocolHandler ["http-nio-8060"]
2019-12-24 16:26:58.358 [main] INFO  o.s.b.w.e.tomcat.TomcatWebServer - Tomcat started on port(s): 8060 (http) with context path ''
2019-12-24 16:26:58.359 [main] INFO  o.s.c.n.e.s.EurekaAutoServiceRegistration - Updating port to 8060
2019-12-24 16:26:58.414 [DiscoveryClient-InstanceInfoReplicator-0] INFO  c.netflix.discovery.DiscoveryClient - DiscoveryClient_DISCOUNTSERVICE/10.30.19.42:discountService:8060 - registration status: 204
2019-12-24 16:27:00.172 [main] INFO  com.xmu.discount.DiscountApplication - Started DiscountApplication in 17.774 seconds (JVM running for 20.908)
2019-12-24 16:27:00.715 [RMI TCP Connection(3)-192.168.88.1] INFO  com.zaxxer.hikari.HikariDataSource - HikariPool-1 - Starting...
2019-12-24 16:27:02.675 [RMI TCP Connection(5)-192.168.88.1] INFO  o.a.c.c.C.[Tomcat].[localhost].[/] - Initializing Spring DispatcherServlet 'dispatcherServlet'
2019-12-24 16:27:02.675 [RMI TCP Connection(5)-192.168.88.1] INFO  o.s.web.servlet.DispatcherServlet - Initializing Servlet 'dispatcherServlet'
2019-12-24 16:27:02.682 [RMI TCP Connection(5)-192.168.88.1] INFO  o.s.web.servlet.DispatcherServlet - Completed initialization in 7 ms
2019-12-24 16:27:07.173 [RMI TCP Connection(3)-192.168.88.1] INFO  com.zaxxer.hikari.HikariDataSource - HikariPool-1 - Start completed.
2019-12-24 16:27:07.320 [RMI TCP Connection(3)-192.168.88.1] INFO  io.lettuce.core.EpollProvider - Starting without optional epoll library
2019-12-24 16:27:07.321 [RMI TCP Connection(3)-192.168.88.1] INFO  io.lettuce.core.KqueueProvider - Starting without optional kqueue library
2019-12-24 16:57:51.410 [main] INFO  o.s.c.s.PostProcessorRegistrationDelegate$BeanPostProcessorChecker - Bean 'org.springframework.cloud.autoconfigure.ConfigurationPropertiesRebinderAutoConfiguration' of type [org.springframework.cloud.autoconfigure.ConfigurationPropertiesRebinderAutoConfiguration] is not eligible for getting processed by all BeanPostProcessors (for example: not eligible for auto-proxying)
2019-12-24 16:57:53.816 [main] INFO  com.xmu.discount.DiscountApplication - No active profile set, falling back to default profiles: default
2019-12-24 16:57:54.908 [main] INFO  o.s.d.r.c.RepositoryConfigurationDelegate - Multiple Spring Data modules found, entering strict repository configuration mode!
2019-12-24 16:57:54.913 [main] INFO  o.s.d.r.c.RepositoryConfigurationDelegate - Bootstrapping Spring Data repositories in DEFAULT mode.
2019-12-24 16:57:55.008 [main] INFO  o.s.d.r.c.RepositoryConfigurationDelegate - Finished Spring Data repository scanning in 64ms. Found 0 repository interfaces.
2019-12-24 16:57:55.132 [main] WARN  o.s.boot.actuate.endpoint.EndpointId - Endpoint ID 'service-registry' contains invalid characters, please migrate to a valid format.
2019-12-24 16:57:55.401 [main] INFO  o.s.cloud.context.scope.GenericScope - BeanFactory id=f301ccdb-2281-3977-a9a9-bd08e9298e8b
2019-12-24 16:57:55.615 [main] INFO  o.s.c.s.PostProcessorRegistrationDelegate$BeanPostProcessorChecker - Bean 'org.springframework.transaction.annotation.ProxyTransactionManagementConfiguration' of type [org.springframework.transaction.annotation.ProxyTransactionManagementConfiguration] is not eligible for getting processed by all BeanPostProcessors (for example: not eligible for auto-proxying)
2019-12-24 16:57:55.655 [main] INFO  o.s.c.s.PostProcessorRegistrationDelegate$BeanPostProcessorChecker - Bean 'org.springframework.cloud.autoconfigure.ConfigurationPropertiesRebinderAutoConfiguration' of type [org.springframework.cloud.autoconfigure.ConfigurationPropertiesRebinderAutoConfiguration] is not eligible for getting processed by all BeanPostProcessors (for example: not eligible for auto-proxying)
2019-12-24 16:57:55.981 [main] INFO  o.s.b.w.e.tomcat.TomcatWebServer - Tomcat initialized with port(s): 8060 (http)
2019-12-24 16:57:55.991 [main] INFO  o.a.coyote.http11.Http11NioProtocol - Initializing ProtocolHandler ["http-nio-8060"]
2019-12-24 16:57:55.992 [main] INFO  o.a.catalina.core.StandardService - Starting service [Tomcat]
2019-12-24 16:57:55.993 [main] INFO  o.a.catalina.core.StandardEngine - Starting Servlet engine: [Apache Tomcat/9.0.27]
2019-12-24 16:57:56.694 [main] INFO  o.a.c.c.C.[Tomcat].[localhost].[/] - Initializing Spring embedded WebApplicationContext
2019-12-24 16:57:56.695 [main] INFO  o.s.web.context.ContextLoader - Root WebApplicationContext: initialization completed in 2855 ms
2019-12-24 16:57:56.780 [main] WARN  c.n.c.sources.URLConfigurationSource - No URLs will be polled as dynamic configuration sources.
2019-12-24 16:57:56.781 [main] INFO  c.n.c.sources.URLConfigurationSource - To enable URLs as dynamic configuration sources, define System property archaius.configurationSource.additionalUrls or make config.properties available on classpath.
2019-12-24 16:57:56.795 [main] INFO  c.n.config.DynamicPropertyFactory - DynamicPropertyFactory is initialized with configuration sources: com.netflix.config.ConcurrentCompositeConfiguration@67de7a99
2019-12-24 16:57:59.731 [main] WARN  c.n.c.sources.URLConfigurationSource - No URLs will be polled as dynamic configuration sources.
2019-12-24 16:57:59.732 [main] INFO  c.n.c.sources.URLConfigurationSource - To enable URLs as dynamic configuration sources, define System property archaius.configurationSource.additionalUrls or make config.properties available on classpath.
2019-12-24 16:57:59.869 [main] INFO  o.s.s.c.ThreadPoolTaskExecutor - Initializing ExecutorService 'applicationTaskExecutor'
2019-12-24 16:58:00.320 [main] INFO  o.s.s.c.ThreadPoolTaskScheduler - Initializing ExecutorService 'taskScheduler'
2019-12-24 16:58:03.533 [main] WARN  o.s.c.l.c.BlockingLoadBalancerClientAutoConfiguration$BlockingLoadBalancerClientRibbonWarnLogger - You already have RibbonLoadBalancerClient on your classpath. It will be used by default. As Spring Cloud Ribbon is in maintenance mode. We recommend switching to BlockingLoadBalancerClient instead. In order to use it, set the value of `spring.cloud.loadbalancer.ribbon.enabled` to `false` or remove spring-cloud-starter-netflix-ribbon from your project.
2019-12-24 16:58:03.574 [main] WARN  o.s.c.l.c.LoadBalancerCacheAutoConfiguration$LoadBalancerCaffeineWarnLogger - Spring Cloud LoadBalancer is currently working with default default cache. You can switch to using Caffeine cache, by adding it to the classpath.
2019-12-24 16:58:03.587 [main] INFO  o.s.b.a.e.web.EndpointLinksResolver - Exposing 2 endpoint(s) beneath base path '/actuator'
2019-12-24 16:58:03.678 [main] INFO  o.s.c.n.eureka.InstanceInfoFactory - Setting initial instance status as: STARTING
2019-12-24 16:58:03.730 [main] INFO  c.netflix.discovery.DiscoveryClient - Initializing Eureka in region us-east-1
2019-12-24 16:58:04.963 [main] INFO  c.n.d.p.DiscoveryJerseyProvider - Using JSON encoding codec LegacyJacksonJson
2019-12-24 16:58:04.964 [main] INFO  c.n.d.p.DiscoveryJerseyProvider - Using JSON decoding codec LegacyJacksonJson
2019-12-24 16:58:05.088 [main] INFO  c.n.d.p.DiscoveryJerseyProvider - Using XML encoding codec XStreamXml
2019-12-24 16:58:05.088 [main] INFO  c.n.d.p.DiscoveryJerseyProvider - Using XML decoding codec XStreamXml
2019-12-24 16:58:05.346 [main] INFO  c.n.d.s.r.aws.ConfigClusterResolver - Resolving eureka endpoints via configuration
2019-12-24 16:58:06.245 [main] INFO  c.netflix.discovery.DiscoveryClient - Disable delta property : false
2019-12-24 16:58:06.245 [main] INFO  c.netflix.discovery.DiscoveryClient - Single vip registry refresh property : null
2019-12-24 16:58:06.245 [main] INFO  c.netflix.discovery.DiscoveryClient - Force full registry fetch : false
2019-12-24 16:58:06.245 [main] INFO  c.netflix.discovery.DiscoveryClient - Application is null : false
2019-12-24 16:58:06.245 [main] INFO  c.netflix.discovery.DiscoveryClient - Registered Applications size is zero : true
2019-12-24 16:58:06.246 [main] INFO  c.netflix.discovery.DiscoveryClient - Application version is -1: true
2019-12-24 16:58:06.246 [main] INFO  c.netflix.discovery.DiscoveryClient - Getting all instance registry info from the eureka server
2019-12-24 16:58:06.809 [main] INFO  c.netflix.discovery.DiscoveryClient - The response status is 200
2019-12-24 16:58:06.812 [main] INFO  c.netflix.discovery.DiscoveryClient - Starting heartbeat executor: renew interval is: 30
2019-12-24 16:58:06.814 [main] INFO  c.n.discovery.InstanceInfoReplicator - InstanceInfoReplicator onDemand update allowed rate per min is 4
2019-12-24 16:58:06.818 [main] INFO  c.netflix.discovery.DiscoveryClient - Discovery Client initialized at timestamp 1577177886816 with initial instances count: 9
2019-12-24 16:58:06.820 [main] INFO  o.s.c.n.e.s.EurekaServiceRegistry - Registering application DISCOUNTSERVICE with eureka with status UP
2019-12-24 16:58:06.821 [main] INFO  c.netflix.discovery.DiscoveryClient - Saw local status change event StatusChangeEvent [timestamp=1577177886821, current=UP, previous=STARTING]
2019-12-24 16:58:06.823 [DiscoveryClient-InstanceInfoReplicator-0] INFO  c.netflix.discovery.DiscoveryClient - DiscoveryClient_DISCOUNTSERVICE/10.30.19.42:discountService:8060: registering service...
2019-12-24 16:58:06.846 [main] INFO  o.a.coyote.http11.Http11NioProtocol - Starting ProtocolHandler ["http-nio-8060"]
2019-12-24 16:58:07.018 [main] INFO  o.s.b.w.e.tomcat.TomcatWebServer - Tomcat started on port(s): 8060 (http) with context path ''
2019-12-24 16:58:07.019 [main] INFO  o.s.c.n.e.s.EurekaAutoServiceRegistration - Updating port to 8060
2019-12-24 16:58:07.083 [DiscoveryClient-InstanceInfoReplicator-0] INFO  c.netflix.discovery.DiscoveryClient - DiscoveryClient_DISCOUNTSERVICE/10.30.19.42:discountService:8060 - registration status: 204
2019-12-24 16:58:08.571 [main] INFO  com.xmu.discount.DiscountApplication - Started DiscountApplication in 20.858 seconds (JVM running for 25.159)
2019-12-24 16:58:09.038 [RMI TCP Connection(5)-192.168.88.1] INFO  com.zaxxer.hikari.HikariDataSource - HikariPool-1 - Starting...
2019-12-24 16:58:11.066 [RMI TCP Connection(7)-192.168.88.1] INFO  o.a.c.c.C.[Tomcat].[localhost].[/] - Initializing Spring DispatcherServlet 'dispatcherServlet'
2019-12-24 16:58:11.066 [RMI TCP Connection(7)-192.168.88.1] INFO  o.s.web.servlet.DispatcherServlet - Initializing Servlet 'dispatcherServlet'
2019-12-24 16:58:11.073 [RMI TCP Connection(7)-192.168.88.1] INFO  o.s.web.servlet.DispatcherServlet - Completed initialization in 7 ms
2019-12-24 16:58:11.163 [RMI TCP Connection(5)-192.168.88.1] INFO  com.zaxxer.hikari.HikariDataSource - HikariPool-1 - Start completed.
2019-12-24 16:58:11.385 [RMI TCP Connection(5)-192.168.88.1] INFO  io.lettuce.core.EpollProvider - Starting without optional epoll library
2019-12-24 16:58:11.386 [RMI TCP Connection(5)-192.168.88.1] INFO  io.lettuce.core.KqueueProvider - Starting without optional kqueue library
2019-12-24 17:01:21.974 [DiscoveryClient-CacheRefreshExecutor-0] INFO  o.a.h.impl.client.DefaultHttpClient - I/O exception (java.net.NoRouteToHostException) caught when connecting to {}->http://172.81.212.62:7001: No route to host: connect
2019-12-24 17:01:21.974 [DiscoveryClient-CacheRefreshExecutor-0] INFO  o.a.h.impl.client.DefaultHttpClient - Retrying connect to {}->http://172.81.212.62:7001
2019-12-24 17:01:21.974 [DiscoveryClient-HeartbeatExecutor-0] INFO  o.a.h.impl.client.DefaultHttpClient - I/O exception (java.net.NoRouteToHostException) caught when connecting to {}->http://172.81.212.62:7001: No route to host: connect
2019-12-24 17:01:21.974 [DiscoveryClient-HeartbeatExecutor-0] INFO  o.a.h.impl.client.DefaultHttpClient - Retrying connect to {}->http://172.81.212.62:7001
2019-12-24 17:01:22.015 [DiscoveryClient-CacheRefreshExecutor-0] INFO  o.a.h.impl.client.DefaultHttpClient - I/O exception (java.net.NoRouteToHostException) caught when connecting to {}->http://172.81.212.62:7001: No route to host: connect
2019-12-24 17:01:22.015 [DiscoveryClient-CacheRefreshExecutor-0] INFO  o.a.h.impl.client.DefaultHttpClient - Retrying connect to {}->http://172.81.212.62:7001
2019-12-24 17:01:22.021 [DiscoveryClient-CacheRefreshExecutor-0] INFO  o.a.h.impl.client.DefaultHttpClient - I/O exception (java.net.NoRouteToHostException) caught when connecting to {}->http://172.81.212.62:7001: No route to host: connect
2019-12-24 17:01:22.021 [DiscoveryClient-CacheRefreshExecutor-0] INFO  o.a.h.impl.client.DefaultHttpClient - Retrying connect to {}->http://172.81.212.62:7001
2019-12-24 17:01:22.021 [DiscoveryClient-HeartbeatExecutor-0] INFO  o.a.h.impl.client.DefaultHttpClient - I/O exception (java.net.NoRouteToHostException) caught when connecting to {}->http://172.81.212.62:7001: No route to host: connect
2019-12-24 17:01:22.022 [DiscoveryClient-HeartbeatExecutor-0] INFO  o.a.h.impl.client.DefaultHttpClient - Retrying connect to {}->http://172.81.212.62:7001
2019-12-24 17:01:22.245 [DiscoveryClient-HeartbeatExecutor-0] INFO  o.a.h.impl.client.DefaultHttpClient - I/O exception (java.net.NoRouteToHostException) caught when connecting to {}->http://172.81.212.62:7001: No route to host: connect
2019-12-24 17:01:22.245 [DiscoveryClient-HeartbeatExecutor-0] INFO  o.a.h.impl.client.DefaultHttpClient - Retrying connect to {}->http://172.81.212.62:7001
2019-12-24 17:01:22.251 [DiscoveryClient-CacheRefreshExecutor-0] ERROR c.n.d.s.t.d.RedirectingEurekaHttpClient - Request execution error. endpoint=DefaultEndpoint{ serviceUrl='http://172.81.212.62:7001/eureka/}
com.sun.jersey.api.client.ClientHandlerException: java.net.NoRouteToHostException: No route to host: connect
	at com.sun.jersey.client.apache4.ApacheHttpClient4Handler.handle(ApacheHttpClient4Handler.java:187)
	at com.sun.jersey.api.client.filter.GZIPContentEncodingFilter.handle(GZIPContentEncodingFilter.java:123)
	at com.netflix.discovery.EurekaIdentityHeaderFilter.handle(EurekaIdentityHeaderFilter.java:27)
	at com.sun.jersey.api.client.Client.handle(Client.java:652)
	at com.sun.jersey.api.client.WebResource.handle(WebResource.java:682)
	at com.sun.jersey.api.client.WebResource.access$200(WebResource.java:74)
	at com.sun.jersey.api.client.WebResource$Builder.get(WebResource.java:509)
	at com.netflix.discovery.shared.transport.jersey.AbstractJerseyEurekaHttpClient.getApplicationsInternal(AbstractJerseyEurekaHttpClient.java:194)
	at com.netflix.discovery.shared.transport.jersey.AbstractJerseyEurekaHttpClient.getDelta(AbstractJerseyEurekaHttpClient.java:170)
	at com.netflix.discovery.shared.transport.decorator.EurekaHttpClientDecorator$7.execute(EurekaHttpClientDecorator.java:152)
	at com.netflix.discovery.shared.transport.decorator.MetricsCollectingEurekaHttpClient.execute(MetricsCollectingEurekaHttpClient.java:73)
	at com.netflix.discovery.shared.transport.decorator.EurekaHttpClientDecorator.getDelta(EurekaHttpClientDecorator.java:149)
	at com.netflix.discovery.shared.transport.decorator.EurekaHttpClientDecorator$7.execute(EurekaHttpClientDecorator.java:152)
	at com.netflix.discovery.shared.transport.decorator.RedirectingEurekaHttpClient.execute(RedirectingEurekaHttpClient.java:89)
	at com.netflix.discovery.shared.transport.decorator.EurekaHttpClientDecorator.getDelta(EurekaHttpClientDecorator.java:149)
	at com.netflix.discovery.shared.transport.decorator.EurekaHttpClientDecorator$7.execute(EurekaHttpClientDecorator.java:152)
	at com.netflix.discovery.shared.transport.decorator.RetryableEurekaHttpClient.execute(RetryableEurekaHttpClient.java:120)
	at com.netflix.discovery.shared.transport.decorator.EurekaHttpClientDecorator.getDelta(EurekaHttpClientDecorator.java:149)
	at com.netflix.discovery.shared.transport.decorator.EurekaHttpClientDecorator$7.execute(EurekaHttpClientDecorator.java:152)
	at com.netflix.discovery.shared.transport.decorator.SessionedEurekaHttpClient.execute(SessionedEurekaHttpClient.java:77)
	at com.netflix.discovery.shared.transport.decorator.EurekaHttpClientDecorator.getDelta(EurekaHttpClientDecorator.java:149)
	at com.netflix.discovery.DiscoveryClient.getAndUpdateDelta(DiscoveryClient.java:1103)
	at com.netflix.discovery.DiscoveryClient.fetchRegistry(DiscoveryClient.java:985)
	at com.netflix.discovery.DiscoveryClient.refreshRegistry(DiscoveryClient.java:1497)
	at com.netflix.discovery.DiscoveryClient$CacheRefreshThread.run(DiscoveryClient.java:1464)
	at java.util.concurrent.Executors$RunnableAdapter.call(Executors.java:511)
	at java.util.concurrent.FutureTask.run(FutureTask.java:266)
	at java.util.concurrent.ThreadPoolExecutor.runWorker(ThreadPoolExecutor.java:1149)
	at java.util.concurrent.ThreadPoolExecutor$Worker.run(ThreadPoolExecutor.java:624)
	at java.lang.Thread.run(Thread.java:748)
Caused by: java.net.NoRouteToHostException: No route to host: connect
	at java.net.DualStackPlainSocketImpl.waitForConnect(Native Method)
	at java.net.DualStackPlainSocketImpl.socketConnect(DualStackPlainSocketImpl.java:85)
	at java.net.AbstractPlainSocketImpl.doConnect(AbstractPlainSocketImpl.java:350)
	at java.net.AbstractPlainSocketImpl.connectToAddress(AbstractPlainSocketImpl.java:206)
	at java.net.AbstractPlainSocketImpl.connect(AbstractPlainSocketImpl.java:188)
	at java.net.PlainSocketImpl.connect(PlainSocketImpl.java:172)
	at java.net.SocksSocketImpl.connect(SocksSocketImpl.java:392)
	at java.net.Socket.connect(Socket.java:606)
	at org.apache.http.conn.scheme.PlainSocketFactory.connectSocket(PlainSocketFactory.java:121)
	at org.apache.http.impl.conn.DefaultClientConnectionOperator.openConnection(DefaultClientConnectionOperator.java:180)
	at org.apache.http.impl.conn.AbstractPoolEntry.open(AbstractPoolEntry.java:144)
	at org.apache.http.impl.conn.AbstractPooledConnAdapter.open(AbstractPooledConnAdapter.java:134)
	at org.apache.http.impl.client.DefaultRequestDirector.tryConnect(DefaultRequestDirector.java:605)
	at org.apache.http.impl.client.DefaultRequestDirector.execute(DefaultRequestDirector.java:440)
	at org.apache.http.impl.client.AbstractHttpClient.doExecute(AbstractHttpClient.java:835)
	at org.apache.http.impl.client.CloseableHttpClient.execute(CloseableHttpClient.java:118)
	at org.apache.http.impl.client.CloseableHttpClient.execute(CloseableHttpClient.java:56)
	at com.sun.jersey.client.apache4.ApacheHttpClient4Handler.handle(ApacheHttpClient4Handler.java:173)
	... 29 common frames omitted
2019-12-24 17:01:22.251 [DiscoveryClient-HeartbeatExecutor-0] ERROR c.n.d.s.t.d.RedirectingEurekaHttpClient - Request execution error. endpoint=DefaultEndpoint{ serviceUrl='http://172.81.212.62:7001/eureka/}
com.sun.jersey.api.client.ClientHandlerException: java.net.NoRouteToHostException: No route to host: connect
	at com.sun.jersey.client.apache4.ApacheHttpClient4Handler.handle(ApacheHttpClient4Handler.java:187)
	at com.sun.jersey.api.client.filter.GZIPContentEncodingFilter.handle(GZIPContentEncodingFilter.java:123)
	at com.netflix.discovery.EurekaIdentityHeaderFilter.handle(EurekaIdentityHeaderFilter.java:27)
	at com.sun.jersey.api.client.Client.handle(Client.java:652)
	at com.sun.jersey.api.client.WebResource.handle(WebResource.java:682)
	at com.sun.jersey.api.client.WebResource.access$200(WebResource.java:74)
	at com.sun.jersey.api.client.WebResource$Builder.put(WebResource.java:529)
	at com.netflix.discovery.shared.transport.jersey.AbstractJerseyEurekaHttpClient.sendHeartBeat(AbstractJerseyEurekaHttpClient.java:102)
	at com.netflix.discovery.shared.transport.decorator.EurekaHttpClientDecorator$3.execute(EurekaHttpClientDecorator.java:92)
	at com.netflix.discovery.shared.transport.decorator.MetricsCollectingEurekaHttpClient.execute(MetricsCollectingEurekaHttpClient.java:73)
	at com.netflix.discovery.shared.transport.decorator.EurekaHttpClientDecorator.sendHeartBeat(EurekaHttpClientDecorator.java:89)
	at com.netflix.discovery.shared.transport.decorator.EurekaHttpClientDecorator$3.execute(EurekaHttpClientDecorator.java:92)
	at com.netflix.discovery.shared.transport.decorator.RedirectingEurekaHttpClient.execute(RedirectingEurekaHttpClient.java:89)
	at com.netflix.discovery.shared.transport.decorator.EurekaHttpClientDecorator.sendHeartBeat(EurekaHttpClientDecorator.java:89)
	at com.netflix.discovery.shared.transport.decorator.EurekaHttpClientDecorator$3.execute(EurekaHttpClientDecorator.java:92)
	at com.netflix.discovery.shared.transport.decorator.RetryableEurekaHttpClient.execute(RetryableEurekaHttpClient.java:120)
	at com.netflix.discovery.shared.transport.decorator.EurekaHttpClientDecorator.sendHeartBeat(EurekaHttpClientDecorator.java:89)
	at com.netflix.discovery.shared.transport.decorator.EurekaHttpClientDecorator$3.execute(EurekaHttpClientDecorator.java:92)
	at com.netflix.discovery.shared.transport.decorator.SessionedEurekaHttpClient.execute(SessionedEurekaHttpClient.java:77)
	at com.netflix.discovery.shared.transport.decorator.EurekaHttpClientDecorator.sendHeartBeat(EurekaHttpClientDecorator.java:89)
	at com.netflix.discovery.DiscoveryClient.renew(DiscoveryClient.java:864)
	at com.netflix.discovery.DiscoveryClient$HeartbeatThread.run(DiscoveryClient.java:1423)
	at java.util.concurrent.Executors$RunnableAdapter.call(Executors.java:511)
	at java.util.concurrent.FutureTask.run(FutureTask.java:266)
	at java.util.concurrent.ThreadPoolExecutor.runWorker(ThreadPoolExecutor.java:1149)
	at java.util.concurrent.ThreadPoolExecutor$Worker.run(ThreadPoolExecutor.java:624)
	at java.lang.Thread.run(Thread.java:748)
Caused by: java.net.NoRouteToHostException: No route to host: connect
	at java.net.DualStackPlainSocketImpl.waitForConnect(Native Method)
	at java.net.DualStackPlainSocketImpl.socketConnect(DualStackPlainSocketImpl.java:85)
	at java.net.AbstractPlainSocketImpl.doConnect(AbstractPlainSocketImpl.java:350)
	at java.net.AbstractPlainSocketImpl.connectToAddress(AbstractPlainSocketImpl.java:206)
	at java.net.AbstractPlainSocketImpl.connect(AbstractPlainSocketImpl.java:188)
	at java.net.PlainSocketImpl.connect(PlainSocketImpl.java:172)
	at java.net.SocksSocketImpl.connect(SocksSocketImpl.java:392)
	at java.net.Socket.connect(Socket.java:606)
	at org.apache.http.conn.scheme.PlainSocketFactory.connectSocket(PlainSocketFactory.java:121)
	at org.apache.http.impl.conn.DefaultClientConnectionOperator.openConnection(DefaultClientConnectionOperator.java:180)
	at org.apache.http.impl.conn.AbstractPoolEntry.open(AbstractPoolEntry.java:144)
	at org.apache.http.impl.conn.AbstractPooledConnAdapter.open(AbstractPooledConnAdapter.java:134)
	at org.apache.http.impl.client.DefaultRequestDirector.tryConnect(DefaultRequestDirector.java:605)
	at org.apache.http.impl.client.DefaultRequestDirector.execute(DefaultRequestDirector.java:440)
	at org.apache.http.impl.client.AbstractHttpClient.doExecute(AbstractHttpClient.java:835)
	at org.apache.http.impl.client.CloseableHttpClient.execute(CloseableHttpClient.java:118)
	at org.apache.http.impl.client.CloseableHttpClient.execute(CloseableHttpClient.java:56)
	at com.sun.jersey.client.apache4.ApacheHttpClient4Handler.handle(ApacheHttpClient4Handler.java:173)
	... 26 common frames omitted
2019-12-24 17:01:22.252 [DiscoveryClient-CacheRefreshExecutor-0] WARN  c.n.d.s.t.d.RetryableEurekaHttpClient - Request execution failed with message: java.net.NoRouteToHostException: No route to host: connect
2019-12-24 17:01:22.253 [DiscoveryClient-HeartbeatExecutor-0] WARN  c.n.d.s.t.d.RetryableEurekaHttpClient - Request execution failed with message: java.net.NoRouteToHostException: No route to host: connect
2019-12-24 17:01:22.294 [DiscoveryClient-CacheRefreshExecutor-0] INFO  o.a.h.impl.client.DefaultHttpClient - I/O exception (java.net.NoRouteToHostException) caught when connecting to {}->http://172.81.212.62:7001: No route to host: connect
2019-12-24 17:01:22.294 [DiscoveryClient-HeartbeatExecutor-0] INFO  o.a.h.impl.client.DefaultHttpClient - I/O exception (java.net.NoRouteToHostException) caught when connecting to {}->http://172.81.212.62:7001: No route to host: connect
2019-12-24 17:01:22.294 [DiscoveryClient-CacheRefreshExecutor-0] INFO  o.a.h.impl.client.DefaultHttpClient - Retrying connect to {}->http://172.81.212.62:7001
2019-12-24 17:01:22.294 [DiscoveryClient-HeartbeatExecutor-0] INFO  o.a.h.impl.client.DefaultHttpClient - Retrying connect to {}->http://172.81.212.62:7001
2019-12-24 17:01:22.337 [DiscoveryClient-CacheRefreshExecutor-0] INFO  o.a.h.impl.client.DefaultHttpClient - I/O exception (java.net.NoRouteToHostException) caught when connecting to {}->http://172.81.212.62:7001: No route to host: connect
2019-12-24 17:01:22.337 [DiscoveryClient-CacheRefreshExecutor-0] INFO  o.a.h.impl.client.DefaultHttpClient - Retrying connect to {}->http://172.81.212.62:7001
2019-12-24 17:01:22.340 [DiscoveryClient-CacheRefreshExecutor-0] INFO  o.a.h.impl.client.DefaultHttpClient - I/O exception (java.net.NoRouteToHostException) caught when connecting to {}->http://172.81.212.62:7001: No route to host: connect
2019-12-24 17:01:22.340 [DiscoveryClient-HeartbeatExecutor-0] INFO  o.a.h.impl.client.DefaultHttpClient - I/O exception (java.net.NoRouteToHostException) caught when connecting to {}->http://172.81.212.62:7001: No route to host: connect
2019-12-24 17:01:22.340 [DiscoveryClient-CacheRefreshExecutor-0] INFO  o.a.h.impl.client.DefaultHttpClient - Retrying connect to {}->http://172.81.212.62:7001
2019-12-24 17:01:22.340 [DiscoveryClient-HeartbeatExecutor-0] INFO  o.a.h.impl.client.DefaultHttpClient - Retrying connect to {}->http://172.81.212.62:7001
2019-12-24 17:01:22.375 [DiscoveryClient-HeartbeatExecutor-0] INFO  o.a.h.impl.client.DefaultHttpClient - I/O exception (java.net.NoRouteToHostException) caught when connecting to {}->http://172.81.212.62:7001: No route to host: connect
2019-12-24 17:01:22.375 [DiscoveryClient-HeartbeatExecutor-0] INFO  o.a.h.impl.client.DefaultHttpClient - Retrying connect to {}->http://172.81.212.62:7001
2019-12-24 17:01:22.375 [DiscoveryClient-CacheRefreshExecutor-0] ERROR c.n.d.s.t.d.RedirectingEurekaHttpClient - Request execution error. endpoint=DefaultEndpoint{ serviceUrl='http://172.81.212.62:7001/eureka/}
com.sun.jersey.api.client.ClientHandlerException: java.net.NoRouteToHostException: No route to host: connect
	at com.sun.jersey.client.apache4.ApacheHttpClient4Handler.handle(ApacheHttpClient4Handler.java:187)
	at com.sun.jersey.api.client.filter.GZIPContentEncodingFilter.handle(GZIPContentEncodingFilter.java:123)
	at com.netflix.discovery.EurekaIdentityHeaderFilter.handle(EurekaIdentityHeaderFilter.java:27)
	at com.sun.jersey.api.client.Client.handle(Client.java:652)
	at com.sun.jersey.api.client.WebResource.handle(WebResource.java:682)
	at com.sun.jersey.api.client.WebResource.access$200(WebResource.java:74)
	at com.sun.jersey.api.client.WebResource$Builder.get(WebResource.java:509)
	at com.netflix.discovery.shared.transport.jersey.AbstractJerseyEurekaHttpClient.getApplicationsInternal(AbstractJerseyEurekaHttpClient.java:194)
	at com.netflix.discovery.shared.transport.jersey.AbstractJerseyEurekaHttpClient.getDelta(AbstractJerseyEurekaHttpClient.java:170)
	at com.netflix.discovery.shared.transport.decorator.EurekaHttpClientDecorator$7.execute(EurekaHttpClientDecorator.java:152)
	at com.netflix.discovery.shared.transport.decorator.MetricsCollectingEurekaHttpClient.execute(MetricsCollectingEurekaHttpClient.java:73)
	at com.netflix.discovery.shared.transport.decorator.EurekaHttpClientDecorator.getDelta(EurekaHttpClientDecorator.java:149)
	at com.netflix.discovery.shared.transport.decorator.EurekaHttpClientDecorator$7.execute(EurekaHttpClientDecorator.java:152)
	at com.netflix.discovery.shared.transport.decorator.RedirectingEurekaHttpClient.executeOnNewServer(RedirectingEurekaHttpClient.java:118)
	at com.netflix.discovery.shared.transport.decorator.RedirectingEurekaHttpClient.execute(RedirectingEurekaHttpClient.java:79)
	at com.netflix.discovery.shared.transport.decorator.EurekaHttpClientDecorator.getDelta(EurekaHttpClientDecorator.java:149)
	at com.netflix.discovery.shared.transport.decorator.EurekaHttpClientDecorator$7.execute(EurekaHttpClientDecorator.java:152)
	at com.netflix.discovery.shared.transport.decorator.RetryableEurekaHttpClient.execute(RetryableEurekaHttpClient.java:120)
	at com.netflix.discovery.shared.transport.decorator.EurekaHttpClientDecorator.getDelta(EurekaHttpClientDecorator.java:149)
	at com.netflix.discovery.shared.transport.decorator.EurekaHttpClientDecorator$7.execute(EurekaHttpClientDecorator.java:152)
	at com.netflix.discovery.shared.transport.decorator.SessionedEurekaHttpClient.execute(SessionedEurekaHttpClient.java:77)
	at com.netflix.discovery.shared.transport.decorator.EurekaHttpClientDecorator.getDelta(EurekaHttpClientDecorator.java:149)
	at com.netflix.discovery.DiscoveryClient.getAndUpdateDelta(DiscoveryClient.java:1103)
	at com.netflix.discovery.DiscoveryClient.fetchRegistry(DiscoveryClient.java:985)
	at com.netflix.discovery.DiscoveryClient.refreshRegistry(DiscoveryClient.java:1497)
	at com.netflix.discovery.DiscoveryClient$CacheRefreshThread.run(DiscoveryClient.java:1464)
	at java.util.concurrent.Executors$RunnableAdapter.call(Executors.java:511)
	at java.util.concurrent.FutureTask.run(FutureTask.java:266)
	at java.util.concurrent.ThreadPoolExecutor.runWorker(ThreadPoolExecutor.java:1149)
	at java.util.concurrent.ThreadPoolExecutor$Worker.run(ThreadPoolExecutor.java:624)
	at java.lang.Thread.run(Thread.java:748)
Caused by: java.net.NoRouteToHostException: No route to host: connect
	at java.net.DualStackPlainSocketImpl.waitForConnect(Native Method)
	at java.net.DualStackPlainSocketImpl.socketConnect(DualStackPlainSocketImpl.java:85)
	at java.net.AbstractPlainSocketImpl.doConnect(AbstractPlainSocketImpl.java:350)
	at java.net.AbstractPlainSocketImpl.connectToAddress(AbstractPlainSocketImpl.java:206)
	at java.net.AbstractPlainSocketImpl.connect(AbstractPlainSocketImpl.java:188)
	at java.net.PlainSocketImpl.connect(PlainSocketImpl.java:172)
	at java.net.SocksSocketImpl.connect(SocksSocketImpl.java:392)
	at java.net.Socket.connect(Socket.java:606)
	at org.apache.http.conn.scheme.PlainSocketFactory.connectSocket(PlainSocketFactory.java:121)
	at org.apache.http.impl.conn.DefaultClientConnectionOperator.openConnection(DefaultClientConnectionOperator.java:180)
	at org.apache.http.impl.conn.AbstractPoolEntry.open(AbstractPoolEntry.java:144)
	at org.apache.http.impl.conn.AbstractPooledConnAdapter.open(AbstractPooledConnAdapter.java:134)
	at org.apache.http.impl.client.DefaultRequestDirector.tryConnect(DefaultRequestDirector.java:605)
	at org.apache.http.impl.client.DefaultRequestDirector.execute(DefaultRequestDirector.java:440)
	at org.apache.http.impl.client.AbstractHttpClient.doExecute(AbstractHttpClient.java:835)
	at org.apache.http.impl.client.CloseableHttpClient.execute(CloseableHttpClient.java:118)
	at org.apache.http.impl.client.CloseableHttpClient.execute(CloseableHttpClient.java:56)
	at com.sun.jersey.client.apache4.ApacheHttpClient4Handler.handle(ApacheHttpClient4Handler.java:173)
	... 30 common frames omitted
2019-12-24 17:01:22.557 [DiscoveryClient-CacheRefreshExecutor-0] WARN  c.n.d.s.t.d.RetryableEurekaHttpClient - Request execution failed with message: java.net.NoRouteToHostException: No route to host: connect
2019-12-24 17:01:22.562 [DiscoveryClient-CacheRefreshExecutor-0] ERROR c.netflix.discovery.DiscoveryClient - DiscoveryClient_DISCOUNTSERVICE/10.30.19.42:discountService:8060 - was unable to refresh its cache! status = Cannot execute request on any known server
com.netflix.discovery.shared.transport.TransportException: Cannot execute request on any known server
	at com.netflix.discovery.shared.transport.decorator.RetryableEurekaHttpClient.execute(RetryableEurekaHttpClient.java:112)
	at com.netflix.discovery.shared.transport.decorator.EurekaHttpClientDecorator.getDelta(EurekaHttpClientDecorator.java:149)
	at com.netflix.discovery.shared.transport.decorator.EurekaHttpClientDecorator$7.execute(EurekaHttpClientDecorator.java:152)
	at com.netflix.discovery.shared.transport.decorator.SessionedEurekaHttpClient.execute(SessionedEurekaHttpClient.java:77)
	at com.netflix.discovery.shared.transport.decorator.EurekaHttpClientDecorator.getDelta(EurekaHttpClientDecorator.java:149)
	at com.netflix.discovery.DiscoveryClient.getAndUpdateDelta(DiscoveryClient.java:1103)
	at com.netflix.discovery.DiscoveryClient.fetchRegistry(DiscoveryClient.java:985)
	at com.netflix.discovery.DiscoveryClient.refreshRegistry(DiscoveryClient.java:1497)
	at com.netflix.discovery.DiscoveryClient$CacheRefreshThread.run(DiscoveryClient.java:1464)
	at java.util.concurrent.Executors$RunnableAdapter.call(Executors.java:511)
	at java.util.concurrent.FutureTask.run(FutureTask.java:266)
	at java.util.concurrent.ThreadPoolExecutor.runWorker(ThreadPoolExecutor.java:1149)
	at java.util.concurrent.ThreadPoolExecutor$Worker.run(ThreadPoolExecutor.java:624)
	at java.lang.Thread.run(Thread.java:748)
2019-12-24 17:01:22.379 [DiscoveryClient-HeartbeatExecutor-0] ERROR c.n.d.s.t.d.RedirectingEurekaHttpClient - Request execution error. endpoint=DefaultEndpoint{ serviceUrl='http://172.81.212.62:7001/eureka/}
com.sun.jersey.api.client.ClientHandlerException: java.net.NoRouteToHostException: No route to host: connect
	at com.sun.jersey.client.apache4.ApacheHttpClient4Handler.handle(ApacheHttpClient4Handler.java:187)
	at com.sun.jersey.api.client.filter.GZIPContentEncodingFilter.handle(GZIPContentEncodingFilter.java:123)
	at com.netflix.discovery.EurekaIdentityHeaderFilter.handle(EurekaIdentityHeaderFilter.java:27)
	at com.sun.jersey.api.client.Client.handle(Client.java:652)
	at com.sun.jersey.api.client.WebResource.handle(WebResource.java:682)
	at com.sun.jersey.api.client.WebResource.access$200(WebResource.java:74)
	at com.sun.jersey.api.client.WebResource$Builder.put(WebResource.java:529)
	at com.netflix.discovery.shared.transport.jersey.AbstractJerseyEurekaHttpClient.sendHeartBeat(AbstractJerseyEurekaHttpClient.java:102)
	at com.netflix.discovery.shared.transport.decorator.EurekaHttpClientDecorator$3.execute(EurekaHttpClientDecorator.java:92)
	at com.netflix.discovery.shared.transport.decorator.MetricsCollectingEurekaHttpClient.execute(MetricsCollectingEurekaHttpClient.java:73)
	at com.netflix.discovery.shared.transport.decorator.EurekaHttpClientDecorator.sendHeartBeat(EurekaHttpClientDecorator.java:89)
	at com.netflix.discovery.shared.transport.decorator.EurekaHttpClientDecorator$3.execute(EurekaHttpClientDecorator.java:92)
	at com.netflix.discovery.shared.transport.decorator.RedirectingEurekaHttpClient.executeOnNewServer(RedirectingEurekaHttpClient.java:118)
	at com.netflix.discovery.shared.transport.decorator.RedirectingEurekaHttpClient.execute(RedirectingEurekaHttpClient.java:79)
	at com.netflix.discovery.shared.transport.decorator.EurekaHttpClientDecorator.sendHeartBeat(EurekaHttpClientDecorator.java:89)
	at com.netflix.discovery.shared.transport.decorator.EurekaHttpClientDecorator$3.execute(EurekaHttpClientDecorator.java:92)
	at com.netflix.discovery.shared.transport.decorator.RetryableEurekaHttpClient.execute(RetryableEurekaHttpClient.java:120)
	at com.netflix.discovery.shared.transport.decorator.EurekaHttpClientDecorator.sendHeartBeat(EurekaHttpClientDecorator.java:89)
	at com.netflix.discovery.shared.transport.decorator.EurekaHttpClientDecorator$3.execute(EurekaHttpClientDecorator.java:92)
	at com.netflix.discovery.shared.transport.decorator.SessionedEurekaHttpClient.execute(SessionedEurekaHttpClient.java:77)
	at com.netflix.discovery.shared.transport.decorator.EurekaHttpClientDecorator.sendHeartBeat(EurekaHttpClientDecorator.java:89)
	at com.netflix.discovery.DiscoveryClient.renew(DiscoveryClient.java:864)
	at com.netflix.discovery.DiscoveryClient$HeartbeatThread.run(DiscoveryClient.java:1423)
	at java.util.concurrent.Executors$RunnableAdapter.call(Executors.java:511)
	at java.util.concurrent.FutureTask.run(FutureTask.java:266)
	at java.util.concurrent.ThreadPoolExecutor.runWorker(ThreadPoolExecutor.java:1149)
	at java.util.concurrent.ThreadPoolExecutor$Worker.run(ThreadPoolExecutor.java:624)
	at java.lang.Thread.run(Thread.java:748)
Caused by: java.net.NoRouteToHostException: No route to host: connect
	at java.net.DualStackPlainSocketImpl.waitForConnect(Native Method)
	at java.net.DualStackPlainSocketImpl.socketConnect(DualStackPlainSocketImpl.java:85)
	at java.net.AbstractPlainSocketImpl.doConnect(AbstractPlainSocketImpl.java:350)
	at java.net.AbstractPlainSocketImpl.connectToAddress(AbstractPlainSocketImpl.java:206)
	at java.net.AbstractPlainSocketImpl.connect(AbstractPlainSocketImpl.java:188)
	at java.net.PlainSocketImpl.connect(PlainSocketImpl.java:172)
	at java.net.SocksSocketImpl.connect(SocksSocketImpl.java:392)
	at java.net.Socket.connect(Socket.java:606)
	at org.apache.http.conn.scheme.PlainSocketFactory.connectSocket(PlainSocketFactory.java:121)
	at org.apache.http.impl.conn.DefaultClientConnectionOperator.openConnection(DefaultClientConnectionOperator.java:180)
	at org.apache.http.impl.conn.AbstractPoolEntry.open(AbstractPoolEntry.java:144)
	at org.apache.http.impl.conn.AbstractPooledConnAdapter.open(AbstractPooledConnAdapter.java:134)
	at org.apache.http.impl.client.DefaultRequestDirector.tryConnect(DefaultRequestDirector.java:605)
	at org.apache.http.impl.client.DefaultRequestDirector.execute(DefaultRequestDirector.java:440)
	at org.apache.http.impl.client.AbstractHttpClient.doExecute(AbstractHttpClient.java:835)
	at org.apache.http.impl.client.CloseableHttpClient.execute(CloseableHttpClient.java:118)
	at org.apache.http.impl.client.CloseableHttpClient.execute(CloseableHttpClient.java:56)
	at com.sun.jersey.client.apache4.ApacheHttpClient4Handler.handle(ApacheHttpClient4Handler.java:173)
	... 27 common frames omitted
2019-12-24 17:01:22.618 [DiscoveryClient-HeartbeatExecutor-0] WARN  c.n.d.s.t.d.RetryableEurekaHttpClient - Request execution failed with message: java.net.NoRouteToHostException: No route to host: connect
2019-12-24 17:01:22.618 [DiscoveryClient-HeartbeatExecutor-0] ERROR c.netflix.discovery.DiscoveryClient - DiscoveryClient_DISCOUNTSERVICE/10.30.19.42:discountService:8060 - was unable to send heartbeat!
com.netflix.discovery.shared.transport.TransportException: Cannot execute request on any known server
	at com.netflix.discovery.shared.transport.decorator.RetryableEurekaHttpClient.execute(RetryableEurekaHttpClient.java:112)
	at com.netflix.discovery.shared.transport.decorator.EurekaHttpClientDecorator.sendHeartBeat(EurekaHttpClientDecorator.java:89)
	at com.netflix.discovery.shared.transport.decorator.EurekaHttpClientDecorator$3.execute(EurekaHttpClientDecorator.java:92)
	at com.netflix.discovery.shared.transport.decorator.SessionedEurekaHttpClient.execute(SessionedEurekaHttpClient.java:77)
	at com.netflix.discovery.shared.transport.decorator.EurekaHttpClientDecorator.sendHeartBeat(EurekaHttpClientDecorator.java:89)
	at com.netflix.discovery.DiscoveryClient.renew(DiscoveryClient.java:864)
	at com.netflix.discovery.DiscoveryClient$HeartbeatThread.run(DiscoveryClient.java:1423)
	at java.util.concurrent.Executors$RunnableAdapter.call(Executors.java:511)
	at java.util.concurrent.FutureTask.run(FutureTask.java:266)
	at java.util.concurrent.ThreadPoolExecutor.runWorker(ThreadPoolExecutor.java:1149)
	at java.util.concurrent.ThreadPoolExecutor$Worker.run(ThreadPoolExecutor.java:624)
	at java.lang.Thread.run(Thread.java:748)
2019-12-24 17:01:25.647 [HikariPool-1 housekeeper] WARN  com.zaxxer.hikari.pool.HikariPool - HikariPool-1 - Thread starvation or clock leap detected (housekeeper delta=1m49s577ms291s700ns).
2019-12-24 17:01:45.845 [main] INFO  o.s.c.s.PostProcessorRegistrationDelegate$BeanPostProcessorChecker - Bean 'org.springframework.cloud.autoconfigure.ConfigurationPropertiesRebinderAutoConfiguration' of type [org.springframework.cloud.autoconfigure.ConfigurationPropertiesRebinderAutoConfiguration] is not eligible for getting processed by all BeanPostProcessors (for example: not eligible for auto-proxying)
2019-12-24 17:01:48.046 [main] INFO  com.xmu.discount.DiscountApplication - No active profile set, falling back to default profiles: default
2019-12-24 17:01:49.184 [main] INFO  o.s.d.r.c.RepositoryConfigurationDelegate - Multiple Spring Data modules found, entering strict repository configuration mode!
2019-12-24 17:01:49.186 [main] INFO  o.s.d.r.c.RepositoryConfigurationDelegate - Bootstrapping Spring Data repositories in DEFAULT mode.
2019-12-24 17:01:49.265 [main] INFO  o.s.d.r.c.RepositoryConfigurationDelegate - Finished Spring Data repository scanning in 58ms. Found 0 repository interfaces.
2019-12-24 17:01:49.397 [main] WARN  o.s.boot.actuate.endpoint.EndpointId - Endpoint ID 'service-registry' contains invalid characters, please migrate to a valid format.
2019-12-24 17:01:49.557 [main] INFO  o.s.cloud.context.scope.GenericScope - BeanFactory id=f301ccdb-2281-3977-a9a9-bd08e9298e8b
2019-12-24 17:01:49.731 [main] INFO  o.s.c.s.PostProcessorRegistrationDelegate$BeanPostProcessorChecker - Bean 'org.springframework.transaction.annotation.ProxyTransactionManagementConfiguration' of type [org.springframework.transaction.annotation.ProxyTransactionManagementConfiguration] is not eligible for getting processed by all BeanPostProcessors (for example: not eligible for auto-proxying)
2019-12-24 17:01:49.765 [main] INFO  o.s.c.s.PostProcessorRegistrationDelegate$BeanPostProcessorChecker - Bean 'org.springframework.cloud.autoconfigure.ConfigurationPropertiesRebinderAutoConfiguration' of type [org.springframework.cloud.autoconfigure.ConfigurationPropertiesRebinderAutoConfiguration] is not eligible for getting processed by all BeanPostProcessors (for example: not eligible for auto-proxying)
2019-12-24 17:01:50.094 [main] INFO  o.s.b.w.e.tomcat.TomcatWebServer - Tomcat initialized with port(s): 8060 (http)
2019-12-24 17:01:50.103 [main] INFO  o.a.coyote.http11.Http11NioProtocol - Initializing ProtocolHandler ["http-nio-8060"]
2019-12-24 17:01:50.104 [main] INFO  o.a.catalina.core.StandardService - Starting service [Tomcat]
2019-12-24 17:01:50.104 [main] INFO  o.a.catalina.core.StandardEngine - Starting Servlet engine: [Apache Tomcat/9.0.27]
2019-12-24 17:01:50.324 [main] INFO  o.a.c.c.C.[Tomcat].[localhost].[/] - Initializing Spring embedded WebApplicationContext
2019-12-24 17:01:50.324 [main] INFO  o.s.web.context.ContextLoader - Root WebApplicationContext: initialization completed in 2257 ms
2019-12-24 17:01:50.398 [main] WARN  c.n.c.sources.URLConfigurationSource - No URLs will be polled as dynamic configuration sources.
2019-12-24 17:01:50.398 [main] INFO  c.n.c.sources.URLConfigurationSource - To enable URLs as dynamic configuration sources, define System property archaius.configurationSource.additionalUrls or make config.properties available on classpath.
2019-12-24 17:01:50.411 [main] INFO  c.n.config.DynamicPropertyFactory - DynamicPropertyFactory is initialized with configuration sources: com.netflix.config.ConcurrentCompositeConfiguration@444f44c5
2019-12-24 17:01:52.960 [main] WARN  c.n.c.sources.URLConfigurationSource - No URLs will be polled as dynamic configuration sources.
2019-12-24 17:01:52.960 [main] INFO  c.n.c.sources.URLConfigurationSource - To enable URLs as dynamic configuration sources, define System property archaius.configurationSource.additionalUrls or make config.properties available on classpath.
2019-12-24 17:01:53.105 [main] INFO  o.s.s.c.ThreadPoolTaskExecutor - Initializing ExecutorService 'applicationTaskExecutor'
2019-12-24 17:01:53.549 [main] INFO  o.s.s.c.ThreadPoolTaskScheduler - Initializing ExecutorService 'taskScheduler'
2019-12-24 17:01:56.378 [main] WARN  o.s.c.l.c.BlockingLoadBalancerClientAutoConfiguration$BlockingLoadBalancerClientRibbonWarnLogger - You already have RibbonLoadBalancerClient on your classpath. It will be used by default. As Spring Cloud Ribbon is in maintenance mode. We recommend switching to BlockingLoadBalancerClient instead. In order to use it, set the value of `spring.cloud.loadbalancer.ribbon.enabled` to `false` or remove spring-cloud-starter-netflix-ribbon from your project.
2019-12-24 17:01:56.414 [main] WARN  o.s.c.l.c.LoadBalancerCacheAutoConfiguration$LoadBalancerCaffeineWarnLogger - Spring Cloud LoadBalancer is currently working with default default cache. You can switch to using Caffeine cache, by adding it to the classpath.
2019-12-24 17:01:56.426 [main] INFO  o.s.b.a.e.web.EndpointLinksResolver - Exposing 2 endpoint(s) beneath base path '/actuator'
2019-12-24 17:01:56.495 [main] INFO  o.s.c.n.eureka.InstanceInfoFactory - Setting initial instance status as: STARTING
2019-12-24 17:01:56.532 [main] INFO  c.netflix.discovery.DiscoveryClient - Initializing Eureka in region us-east-1
2019-12-24 17:01:57.922 [main] INFO  c.n.d.p.DiscoveryJerseyProvider - Using JSON encoding codec LegacyJacksonJson
2019-12-24 17:01:57.922 [main] INFO  c.n.d.p.DiscoveryJerseyProvider - Using JSON decoding codec LegacyJacksonJson
2019-12-24 17:01:58.050 [main] INFO  c.n.d.p.DiscoveryJerseyProvider - Using XML encoding codec XStreamXml
2019-12-24 17:01:58.051 [main] INFO  c.n.d.p.DiscoveryJerseyProvider - Using XML decoding codec XStreamXml
2019-12-24 17:01:58.270 [main] INFO  c.n.d.s.r.aws.ConfigClusterResolver - Resolving eureka endpoints via configuration
2019-12-24 17:01:59.269 [main] INFO  c.netflix.discovery.DiscoveryClient - Disable delta property : false
2019-12-24 17:01:59.270 [main] INFO  c.netflix.discovery.DiscoveryClient - Single vip registry refresh property : null
2019-12-24 17:01:59.270 [main] INFO  c.netflix.discovery.DiscoveryClient - Force full registry fetch : false
2019-12-24 17:01:59.270 [main] INFO  c.netflix.discovery.DiscoveryClient - Application is null : false
2019-12-24 17:01:59.270 [main] INFO  c.netflix.discovery.DiscoveryClient - Registered Applications size is zero : true
2019-12-24 17:01:59.270 [main] INFO  c.netflix.discovery.DiscoveryClient - Application version is -1: true
2019-12-24 17:01:59.270 [main] INFO  c.netflix.discovery.DiscoveryClient - Getting all instance registry info from the eureka server
2019-12-24 17:01:59.569 [main] INFO  c.netflix.discovery.DiscoveryClient - The response status is 200
2019-12-24 17:01:59.573 [main] INFO  c.netflix.discovery.DiscoveryClient - Starting heartbeat executor: renew interval is: 30
2019-12-24 17:01:59.575 [main] INFO  c.n.discovery.InstanceInfoReplicator - InstanceInfoReplicator onDemand update allowed rate per min is 4
2019-12-24 17:01:59.579 [main] INFO  c.netflix.discovery.DiscoveryClient - Discovery Client initialized at timestamp 1577178119578 with initial instances count: 10
2019-12-24 17:01:59.582 [main] INFO  o.s.c.n.e.s.EurekaServiceRegistry - Registering application DISCOUNTSERVICE with eureka with status UP
2019-12-24 17:01:59.582 [main] INFO  c.netflix.discovery.DiscoveryClient - Saw local status change event StatusChangeEvent [timestamp=1577178119582, current=UP, previous=STARTING]
2019-12-24 17:01:59.585 [DiscoveryClient-InstanceInfoReplicator-0] INFO  c.netflix.discovery.DiscoveryClient - DiscoveryClient_DISCOUNTSERVICE/10.30.19.42:discountService:8060: registering service...
2019-12-24 17:01:59.628 [main] INFO  o.a.coyote.http11.Http11NioProtocol - Starting ProtocolHandler ["http-nio-8060"]
2019-12-24 17:01:59.797 [main] INFO  o.s.b.w.e.tomcat.TomcatWebServer - Tomcat started on port(s): 8060 (http) with context path ''
2019-12-24 17:01:59.799 [main] INFO  o.s.c.n.e.s.EurekaAutoServiceRegistration - Updating port to 8060
2019-12-24 17:01:59.839 [DiscoveryClient-InstanceInfoReplicator-0] INFO  c.netflix.discovery.DiscoveryClient - DiscoveryClient_DISCOUNTSERVICE/10.30.19.42:discountService:8060 - registration status: 204
2019-12-24 17:02:01.233 [main] INFO  com.xmu.discount.DiscountApplication - Started DiscountApplication in 17.907 seconds (JVM running for 20.409)
2019-12-24 17:02:01.329 [RMI TCP Connection(3)-192.168.88.1] INFO  com.zaxxer.hikari.HikariDataSource - HikariPool-1 - Starting...
2019-12-24 17:02:01.896 [RMI TCP Connection(3)-192.168.88.1] INFO  com.zaxxer.hikari.HikariDataSource - HikariPool-1 - Start completed.
2019-12-24 17:02:02.126 [RMI TCP Connection(3)-192.168.88.1] INFO  io.lettuce.core.EpollProvider - Starting without optional epoll library
2019-12-24 17:02:02.128 [RMI TCP Connection(3)-192.168.88.1] INFO  io.lettuce.core.KqueueProvider - Starting without optional kqueue library
2019-12-24 17:02:03.868 [RMI TCP Connection(5)-192.168.88.1] INFO  o.a.c.c.C.[Tomcat].[localhost].[/] - Initializing Spring DispatcherServlet 'dispatcherServlet'
2019-12-24 17:02:03.869 [RMI TCP Connection(5)-192.168.88.1] INFO  o.s.web.servlet.DispatcherServlet - Initializing Servlet 'dispatcherServlet'
2019-12-24 17:02:03.877 [RMI TCP Connection(5)-192.168.88.1] INFO  o.s.web.servlet.DispatcherServlet - Completed initialization in 8 ms
