2019-12-22 21:47:03.452 [main] INFO  o.s.c.s.PostProcessorRegistrationDelegate$BeanPostProcessorChecker - Bean 'org.springframework.cloud.autoconfigure.ConfigurationPropertiesRebinderAutoConfiguration' of type [org.springframework.cloud.autoconfigure.ConfigurationPropertiesRebinderAutoConfiguration] is not eligible for getting processed by all BeanPostProcessors (for example: not eligible for auto-proxying)
2019-12-22 21:47:05.133 [main] INFO  com.xmu.discount.DiscountApplication - No active profile set, falling back to default profiles: default
2019-12-22 21:47:06.725 [main] INFO  o.s.d.r.c.RepositoryConfigurationDelegate - Multiple Spring Data modules found, entering strict repository configuration mode!
2019-12-22 21:47:06.729 [main] INFO  o.s.d.r.c.RepositoryConfigurationDelegate - Bootstrapping Spring Data repositories in DEFAULT mode.
2019-12-22 21:47:06.822 [main] INFO  o.s.d.r.c.RepositoryConfigurationDelegate - Finished Spring Data repository scanning in 74ms. Found 0 repository interfaces.
2019-12-22 21:47:06.984 [main] WARN  o.s.boot.actuate.endpoint.EndpointId - Endpoint ID 'service-registry' contains invalid characters, please migrate to a valid format.
2019-12-22 21:47:07.218 [main] INFO  o.s.cloud.context.scope.GenericScope - BeanFactory id=89e33a72-c213-39ac-95e4-b23a36cf06d1
2019-12-22 21:47:07.415 [main] INFO  o.s.c.s.PostProcessorRegistrationDelegate$BeanPostProcessorChecker - Bean 'org.springframework.transaction.annotation.ProxyTransactionManagementConfiguration' of type [org.springframework.transaction.annotation.ProxyTransactionManagementConfiguration] is not eligible for getting processed by all BeanPostProcessors (for example: not eligible for auto-proxying)
2019-12-22 21:47:07.467 [main] INFO  o.s.c.s.PostProcessorRegistrationDelegate$BeanPostProcessorChecker - Bean 'org.springframework.cloud.autoconfigure.ConfigurationPropertiesRebinderAutoConfiguration' of type [org.springframework.cloud.autoconfigure.ConfigurationPropertiesRebinderAutoConfiguration] is not eligible for getting processed by all BeanPostProcessors (for example: not eligible for auto-proxying)
2019-12-22 21:47:07.867 [main] INFO  o.s.b.w.e.tomcat.TomcatWebServer - Tomcat initialized with port(s): 8060 (http)
2019-12-22 21:47:07.879 [main] INFO  o.a.coyote.http11.Http11NioProtocol - Initializing ProtocolHandler ["http-nio-8060"]
2019-12-22 21:47:07.879 [main] INFO  o.a.catalina.core.StandardService - Starting service [Tomcat]
2019-12-22 21:47:07.880 [main] INFO  o.a.catalina.core.StandardEngine - Starting Servlet engine: [Apache Tomcat/9.0.27]
2019-12-22 21:47:08.124 [main] INFO  o.a.c.c.C.[Tomcat].[localhost].[/] - Initializing Spring embedded WebApplicationContext
2019-12-22 21:47:08.124 [main] INFO  o.s.web.context.ContextLoader - Root WebApplicationContext: initialization completed in 2970 ms
2019-12-22 21:47:08.219 [main] WARN  c.n.c.sources.URLConfigurationSource - No URLs will be polled as dynamic configuration sources.
2019-12-22 21:47:08.219 [main] INFO  c.n.c.sources.URLConfigurationSource - To enable URLs as dynamic configuration sources, define System property archaius.configurationSource.additionalUrls or make config.properties available on classpath.
2019-12-22 21:47:08.231 [main] INFO  c.n.config.DynamicPropertyFactory - DynamicPropertyFactory is initialized with configuration sources: com.netflix.config.ConcurrentCompositeConfiguration@3a894088
2019-12-22 21:47:10.811 [main] WARN  c.n.c.sources.URLConfigurationSource - No URLs will be polled as dynamic configuration sources.
2019-12-22 21:47:10.811 [main] INFO  c.n.c.sources.URLConfigurationSource - To enable URLs as dynamic configuration sources, define System property archaius.configurationSource.additionalUrls or make config.properties available on classpath.
2019-12-22 21:47:10.951 [main] INFO  o.s.s.c.ThreadPoolTaskExecutor - Initializing ExecutorService 'applicationTaskExecutor'
2019-12-22 21:47:11.431 [main] INFO  o.s.s.c.ThreadPoolTaskScheduler - Initializing ExecutorService 'taskScheduler'
2019-12-22 21:47:14.352 [main] WARN  o.s.c.l.c.BlockingLoadBalancerClientAutoConfiguration$BlockingLoadBalancerClientRibbonWarnLogger - You already have RibbonLoadBalancerClient on your classpath. It will be used by default. As Spring Cloud Ribbon is in maintenance mode. We recommend switching to BlockingLoadBalancerClient instead. In order to use it, set the value of `spring.cloud.loadbalancer.ribbon.enabled` to `false` or remove spring-cloud-starter-netflix-ribbon from your project.
2019-12-22 21:47:14.388 [main] WARN  o.s.c.l.c.LoadBalancerCacheAutoConfiguration$LoadBalancerCaffeineWarnLogger - Spring Cloud LoadBalancer is currently working with default default cache. You can switch to using Caffeine cache, by adding it to the classpath.
2019-12-22 21:47:14.400 [main] INFO  o.s.b.a.e.web.EndpointLinksResolver - Exposing 2 endpoint(s) beneath base path '/actuator'
2019-12-22 21:47:14.470 [main] INFO  o.s.c.n.eureka.InstanceInfoFactory - Setting initial instance status as: STARTING
2019-12-22 21:47:14.506 [main] INFO  c.netflix.discovery.DiscoveryClient - Initializing Eureka in region us-east-1
2019-12-22 21:47:15.648 [main] INFO  c.n.d.p.DiscoveryJerseyProvider - Using JSON encoding codec LegacyJacksonJson
2019-12-22 21:47:15.648 [main] INFO  c.n.d.p.DiscoveryJerseyProvider - Using JSON decoding codec LegacyJacksonJson
2019-12-22 21:47:15.758 [main] INFO  c.n.d.p.DiscoveryJerseyProvider - Using XML encoding codec XStreamXml
2019-12-22 21:47:15.758 [main] INFO  c.n.d.p.DiscoveryJerseyProvider - Using XML decoding codec XStreamXml
2019-12-22 21:47:15.970 [main] INFO  c.n.d.s.r.aws.ConfigClusterResolver - Resolving eureka endpoints via configuration
2019-12-22 21:47:16.934 [main] INFO  c.netflix.discovery.DiscoveryClient - Disable delta property : false
2019-12-22 21:47:16.934 [main] INFO  c.netflix.discovery.DiscoveryClient - Single vip registry refresh property : null
2019-12-22 21:47:16.934 [main] INFO  c.netflix.discovery.DiscoveryClient - Force full registry fetch : false
2019-12-22 21:47:16.934 [main] INFO  c.netflix.discovery.DiscoveryClient - Application is null : false
2019-12-22 21:47:16.934 [main] INFO  c.netflix.discovery.DiscoveryClient - Registered Applications size is zero : true
2019-12-22 21:47:16.934 [main] INFO  c.netflix.discovery.DiscoveryClient - Application version is -1: true
2019-12-22 21:47:16.934 [main] INFO  c.netflix.discovery.DiscoveryClient - Getting all instance registry info from the eureka server
2019-12-22 21:47:17.169 [main] INFO  c.netflix.discovery.DiscoveryClient - The response status is 200
2019-12-22 21:47:17.171 [main] INFO  c.netflix.discovery.DiscoveryClient - Starting heartbeat executor: renew interval is: 30
2019-12-22 21:47:17.173 [main] INFO  c.n.discovery.InstanceInfoReplicator - InstanceInfoReplicator onDemand update allowed rate per min is 4
2019-12-22 21:47:17.176 [main] INFO  c.netflix.discovery.DiscoveryClient - Discovery Client initialized at timestamp 1577022437175 with initial instances count: 0
2019-12-22 21:47:17.180 [main] INFO  o.s.c.n.e.s.EurekaServiceRegistry - Registering application DISCOUNTSERVICE with eureka with status UP
2019-12-22 21:47:17.180 [main] INFO  c.netflix.discovery.DiscoveryClient - Saw local status change event StatusChangeEvent [timestamp=1577022437180, current=UP, previous=STARTING]
2019-12-22 21:47:17.183 [DiscoveryClient-InstanceInfoReplicator-0] INFO  c.netflix.discovery.DiscoveryClient - DiscoveryClient_DISCOUNTSERVICE/10.30.21.230:discountService:8060: registering service...
2019-12-22 21:47:17.206 [main] INFO  o.a.coyote.http11.Http11NioProtocol - Starting ProtocolHandler ["http-nio-8060"]
2019-12-22 21:47:17.258 [main] INFO  o.s.b.w.e.tomcat.TomcatWebServer - Tomcat started on port(s): 8060 (http) with context path ''
2019-12-22 21:47:17.259 [main] INFO  o.s.c.n.e.s.EurekaAutoServiceRegistration - Updating port to 8060
2019-12-22 21:47:17.341 [DiscoveryClient-InstanceInfoReplicator-0] INFO  c.netflix.discovery.DiscoveryClient - DiscoveryClient_DISCOUNTSERVICE/10.30.21.230:discountService:8060 - registration status: 204
2019-12-22 21:47:18.692 [main] INFO  com.xmu.discount.DiscountApplication - Started DiscountApplication in 17.591 seconds (JVM running for 20.156)
2019-12-22 21:47:19.864 [RMI TCP Connection(4)-192.168.88.1] INFO  o.a.c.c.C.[Tomcat].[localhost].[/] - Initializing Spring DispatcherServlet 'dispatcherServlet'
2019-12-22 21:47:19.864 [RMI TCP Connection(4)-192.168.88.1] INFO  o.s.web.servlet.DispatcherServlet - Initializing Servlet 'dispatcherServlet'
2019-12-22 21:47:19.869 [RMI TCP Connection(3)-192.168.88.1] INFO  com.zaxxer.hikari.HikariDataSource - HikariPool-1 - Starting...
2019-12-22 21:47:19.874 [RMI TCP Connection(4)-192.168.88.1] INFO  o.s.web.servlet.DispatcherServlet - Completed initialization in 10 ms
2019-12-22 21:47:20.137 [RMI TCP Connection(3)-192.168.88.1] INFO  com.zaxxer.hikari.HikariDataSource - HikariPool-1 - Start completed.
2019-12-22 21:47:20.334 [RMI TCP Connection(3)-192.168.88.1] INFO  io.lettuce.core.EpollProvider - Starting without optional epoll library
2019-12-22 21:47:20.336 [RMI TCP Connection(3)-192.168.88.1] INFO  io.lettuce.core.KqueueProvider - Starting without optional kqueue library
2019-12-22 21:47:47.172 [DiscoveryClient-CacheRefreshExecutor-0] INFO  c.netflix.discovery.DiscoveryClient - Disable delta property : false
2019-12-22 21:47:47.173 [DiscoveryClient-CacheRefreshExecutor-0] INFO  c.netflix.discovery.DiscoveryClient - Single vip registry refresh property : null
2019-12-22 21:47:47.173 [DiscoveryClient-CacheRefreshExecutor-0] INFO  c.netflix.discovery.DiscoveryClient - Force full registry fetch : false
2019-12-22 21:47:47.173 [DiscoveryClient-CacheRefreshExecutor-0] INFO  c.netflix.discovery.DiscoveryClient - Application is null : false
2019-12-22 21:47:47.173 [DiscoveryClient-CacheRefreshExecutor-0] INFO  c.netflix.discovery.DiscoveryClient - Registered Applications size is zero : true
2019-12-22 21:47:47.173 [DiscoveryClient-CacheRefreshExecutor-0] INFO  c.netflix.discovery.DiscoveryClient - Application version is -1: false
2019-12-22 21:47:47.173 [DiscoveryClient-CacheRefreshExecutor-0] INFO  c.netflix.discovery.DiscoveryClient - Getting all instance registry info from the eureka server
2019-12-22 21:47:47.270 [DiscoveryClient-CacheRefreshExecutor-0] INFO  c.netflix.discovery.DiscoveryClient - The response status is 200
